{"meta": {"format": 3, "version": "7.14.3", "timestamp": "2026-07-11T10:23:14.925546", "branch_coverage": false, "show_contexts": false}, "files": {"backend/achievements.py": {"executed_lines": [3, 91, 93, 94, 95, 97, 98, 101, 104, 105, 108, 109, 110, 114, 120, 121, 122, 123, 124, 126, 127, 128, 129, 130, 132, 133, 134, 135, 138, 139, 142, 147, 148, 149, 150, 151, 152, 155, 156, 157, 160, 161, 162, 167, 170, 172], "summary": {"covered_lines": 46, "num_statements": 47, "percent_covered": 97.87234042553192, "percent_covered_display": "98", "missing_lines": 1, "excluded_lines": 0, "percent_statements_covered": 97.87234042553192, "percent_statements_covered_display": "98"}, "missing_lines": [111], "excluded_lines": [], "functions": {"check_achievements": {"executed_lines": [93, 94, 95, 97, 98, 101, 104, 105, 108, 109, 110, 114, 120, 121, 122, 123, 124, 126, 127, 128, 129, 130, 132, 133, 134, 135, 138, 139, 142, 147, 148, 149, 150, 151, 152, 155, 156, 157, 160, 161, 162, 167], "summary": {"covered_lines": 42, "num_statements": 43, "percent_covered": 97.67441860465117, "percent_covered_display": "98", "missing_lines": 1, "excluded_lines": 0, "percent_statements_covered": 97.67441860465117, "percent_statements_covered_display": "98"}, "missing_lines": [111], "excluded_lines": [], "start_line": 91}, "get_all_achievements": {"executed_lines": [172], "summary": {"covered_lines": 1, "num_statements": 1, "percent_covered": 100.0, "percent_covered_display": "100", "missing_lines": 0, "excluded_lines": 0, "percent_statements_covered": 100.0, "percent_statements_covered_display": "100"}, "missing_lines": [], "excluded_lines": [], "start_line": 170}, "": {"executed_lines": [3, 91, 170], "summary": {"covered_lines": 3, "num_statements": 3, "percent_covered": 100.0, "percent_covered_display": "100", "missing_lines": 0, "excluded_lines": 0, "percent_statements_covered": 100.0, "percent_statements_covered_display": "100"}, "missing_lines": [], "excluded_lines": [], "start_line": 1}}, "classes": {"": {"executed_lines": [3, 91, 93, 94, 95, 97, 98, 101, 104, 105, 108, 109, 110, 114, 120, 121, 122, 123, 124, 126, 127, 128, 129, 130, 132, 133, 134, 135, 138, 139, 142, 147, 148, 149, 150, 151, 152, 155, 156, 157, 160, 161, 162, 167, 170, 172], "summary": {"covered_lines": 46, "num_statements": 47, "percent_covered": 97.87234042553192, "percent_covered_display": "98", "missing_lines": 1, "excluded_lines": 0, "percent_statements_covered": 97.87234042553192, "percent_statements_covered_display": "98"}, "missing_lines": [111], "excluded_lines": [], "start_line": 1}}}, "backend/agency_service.py": {"executed_lines": [7, 8, 9, 11, 12, 14, 17, 86, 116, 147, 171, 202], "summary": {"covered_lines": 12, "num_statements": 63, "percent_covered": 19.047619047619047, "percent_covered_display": "19", "missing_lines": 51, "excluded_lines": 0, "percent_statements_covered": 19.047619047619047, "percent_statements_covered_display": "19"}, "missing_lines": [29, 32, 33, 34, 37, 38, 39, 41, 42, 43, 44, 48, 60, 63, 76, 78, 79, 80, 88, 94, 95, 99, 103, 106, 109, 113, 118, 122, 123, 126, 130, 135, 139, 144, 156, 160, 161, 163, 164, 173, 175, 176, 177, 179, 180, 183, 184, 185, 191, 204, 210], "excluded_lines": [], "functions": {"create_client": {"executed_lines": [], "summary": {"covered_lines": 0, "num_statements": 18, "percent_covered": 0.0, "percent_covered_display": "0", "missing_lines": 18, "excluded_lines": 0, "percent_statements_covered": 0.0, "percent_statements_covered_display": "0"}, "missing_lines": [29, 32, 33, 34, 37, 38, 39, 41, 42, 43, 44, 48, 60, 63, 76, 78, 79, 80], "excluded_lines": [], "start_line": 17}, "list_clients": {"executed_lines": [], "summary": {"covered_lines": 0, "num_statements": 8, "percent_covered": 0.0, "percent_covered_display": "0", "missing_lines": 8, "excluded_lines": 0, "percent_statements_covered": 0.0, "percent_statements_covered_display": "0"}, "missing_lines": [88, 94, 95, 99, 103, 106, 109, 113], "excluded_lines": [], "start_line": 86}, "get_client": {"executed_lines": [], "summary": {"covered_lines": 0, "num_statements": 8, "percent_covered": 0.0, "percent_covered_display": "0", "missing_lines": 8, "excluded_lines": 0, "percent_statements_covered": 0.0, "percent_statements_covered_display": "0"}, "missing_lines": [118, 122, 123, 126, 130, 135, 139, 144], "excluded_lines": [], "start_line": 116}, "run_client_audit": {"executed_lines": [], "summary": {"covered_lines": 0, "num_statements": 5, "percent_covered": 0.0, "percent_covered_display": "0", "missing_lines": 5, "excluded_lines": 0, "percent_statements_covered": 0.0, "percent_statements_covered_display": "0"}, "missing_lines": [156, 160, 161, 163, 164], "excluded_lines": [], "start_line": 147}, "get_agency_dashboard": {"executed_lines": [], "summary": {"covered_lines": 0, "num_statements": 10, "percent_covered": 0.0, "percent_covered_display": "0", "missing_lines": 10, "excluded_lines": 0, "percent_statements_covered": 0.0, "percent_statements_covered_display": "0"}, "missing_lines": [173, 175, 176, 177, 179, 180, 183, 184, 185, 191], "excluded_lines": [], "start_line": 171}, "_get_max_clients": {"executed_lines": [], "summary": {"covered_lines": 0, "num_statements": 2, "percent_covered": 0.0, "percent_covered_display": "0", "missing_lines": 2, "excluded_lines": 0, "percent_statements_covered": 0.0, "percent_statements_covered_display": "0"}, "missing_lines": [204, 210], "excluded_lines": [], "start_line": 202}, "": {"executed_lines": [7, 8, 9, 11, 12, 14, 17, 86, 116, 147, 171, 202], "summary": {"covered_lines": 12, "num_statements": 12, "percent_covered": 100.0, "percent_covered_display": "100", "missing_lines": 0, "excluded_lines": 0, "percent_statements_covered": 100.0, "percent_statements_covered_display": "100"}, "missing_lines": [], "excluded_lines": [], "start_line": 1}}, "classes": {"": {"executed_lines": [7, 8, 9, 11, 12, 14, 17, 86, 116, 147, 171, 202], "summary": {"covered_lines": 12, "num_statements": 63, "percent_covered": 19.047619047619047, "percent_covered_display": "19", "missing_lines": 51, "excluded_lines": 0, "percent_statements_covered": 19.047619047619047, "percent_statements_covered_display": "19"}, "missing_lines": [29, 32, 33, 34, 37, 38, 39, 41, 42, 43, 44, 48, 60, 63, 76, 78, 79, 80, 88, 94, 95, 99, 103, 106, 109, 113, 118, 122, 123, 126, 130, 135, 139, 144, 156, 160, 161, 163, 164, 173, 175, 176, 177, 179, 180, 183, 184, 185, 191, 204, 210], "excluded_lines": [], "start_line": 1}}}, "backend/ai_content.py": {"executed_lines": [13, 15, 24, 65, 102, 145, 204, 256], "summary": {"covered_lines": 8, "num_statements": 27, "percent_covered": 29.62962962962963, "percent_covered_display": "30", "missing_lines": 19, "excluded_lines": 0, "percent_statements_covered": 29.62962962962963, "percent_statements_covered_display": "30"}, "missing_lines": [33, 62, 74, 76, 99, 110, 142, 155, 163, 165, 201, 213, 221, 223, 253, 265, 272, 274, 306], "excluded_lines": [], "functions": {"generate_blog_post": {"executed_lines": [], "summary": {"covered_lines": 0, "num_statements": 2, "percent_covered": 0.0, "percent_covered_display": "0", "missing_lines": 2, "excluded_lines": 0, "percent_statements_covered": 0.0, "percent_statements_covered_display": "0"}, "missing_lines": [33, 62], "excluded_lines": [], "start_line": 24}, "generate_review_response": {"executed_lines": [], "summary": {"covered_lines": 0, "num_statements": 3, "percent_covered": 0.0, "percent_covered_display": "0", "missing_lines": 3, "excluded_lines": 0, "percent_statements_covered": 0.0, "percent_statements_covered_display": "0"}, "missing_lines": [74, 76, 99], "excluded_lines": [], "start_line": 65}, "generate_faq": {"executed_lines": [], "summary": {"covered_lines": 0, "num_statements": 2, "percent_covered": 0.0, "percent_covered_display": "0", "missing_lines": 2, "excluded_lines": 0, "percent_statements_covered": 0.0, "percent_statements_covered_display": "0"}, "missing_lines": [110, 142], "excluded_lines": [], "start_line": 102}, "generate_website_copy": {"executed_lines": [], "summary": {"covered_lines": 0, "num_statements": 4, "percent_covered": 0.0, "percent_covered_display": "0", "missing_lines": 4, "excluded_lines": 0, "percent_statements_covered": 0.0, "percent_statements_covered_display": "0"}, "missing_lines": [155, 163, 165, 201], "excluded_lines": [], "start_line": 145}, "generate_email": {"executed_lines": [], "summary": {"covered_lines": 0, "num_statements": 4, "percent_covered": 0.0, "percent_covered_display": "0", "missing_lines": 4, "excluded_lines": 0, "percent_statements_covered": 0.0, "percent_statements_covered_display": "0"}, "missing_lines": [213, 221, 223, 253], "excluded_lines": [], "start_line": 204}, "generate_social_captions": {"executed_lines": [], "summary": {"covered_lines": 0, "num_statements": 4, "percent_covered": 0.0, "percent_covered_display": "0", "missing_lines": 4, "excluded_lines": 0, "percent_statements_covered": 0.0, "percent_statements_covered_display": "0"}, "missing_lines": [265, 272, 274, 306], "excluded_lines": [], "start_line": 256}, "": {"executed_lines": [13, 15, 24, 65, 102, 145, 204, 256], "summary": {"covered_lines": 8, "num_statements": 8, "percent_covered": 100.0, "percent_covered_display": "100", "missing_lines": 0, "excluded_lines": 0, "percent_statements_covered": 100.0, "percent_statements_covered_display": "100"}, "missing_lines": [], "excluded_lines": [], "start_line": 1}}, "classes": {"": {"executed_lines": [13, 15, 24, 65, 102, 145, 204, 256], "summary": {"covered_lines": 8, "num_statements": 27, "percent_covered": 29.62962962962963, "percent_covered_display": "30", "missing_lines": 19, "excluded_lines": 0, "percent_statements_covered": 29.62962962962963, "percent_statements_covered_display": "30"}, "missing_lines": [33, 62, 74, 76, 99, 110, 142, 155, 163, 165, 201, 213, 221, 223, 253, 265, 272, 274, 306], "excluded_lines": [], "start_line": 1}}}, "backend/ai_errors.py": {"executed_lines": [8, 10, 11, 14, 16, 17, 20, 22, 23, 26, 28, 29, 32, 34, 35, 38, 40, 41, 44, 50, 53, 54, 57, 58, 61, 62, 65, 66, 69, 70, 73], "summary": {"covered_lines": 31, "num_statements": 31, "percent_covered": 100.0, "percent_covered_display": "100", "missing_lines": 0, "excluded_lines": 0, "percent_statements_covered": 100.0, "percent_statements_covered_display": "100"}, "missing_lines": [], "excluded_lines": [], "functions": {"classify_ai_error": {"executed_lines": [50, 53, 54, 57, 58, 61, 62, 65, 66, 69, 70, 73], "summary": {"covered_lines": 12, "num_statements": 12, "percent_covered": 100.0, "percent_covered_display": "100", "missing_lines": 0, "excluded_lines": 0, "percent_statements_covered": 100.0, "percent_statements_covered_display": "100"}, "missing_lines": [], "excluded_lines": [], "start_line": 44}, "": {"executed_lines": [8, 10, 11, 14, 16, 17, 20, 22, 23, 26, 28, 29, 32, 34, 35, 38, 40, 41, 44], "summary": {"covered_lines": 19, "num_statements": 19, "percent_covered": 100.0, "percent_covered_display": "100", "missing_lines": 0, "excluded_lines": 0, "percent_statements_covered": 100.0, "percent_statements_covered_display": "100"}, "missing_lines": [], "excluded_lines": [], "start_line": 1}}, "classes": {"AIServiceError": {"executed_lines": [], "summary": {"covered_lines": 0, "num_statements": 0, "percent_covered": 100.0, "percent_covered_display": "100", "missing_lines": 0, "excluded_lines": 0, "percent_statements_covered": 100.0, "percent_statements_covered_display": "100"}, "missing_lines": [], "excluded_lines": [], "start_line": 8}, "AIServiceUnavailable": {"executed_lines": [], "summary": {"covered_lines": 0, "num_statements": 0, "percent_covered": 100.0, "percent_covered_display": "100", "missing_lines": 0, "excluded_lines": 0, "percent_statements_covered": 100.0, "percent_statements_covered_display": "100"}, "missing_lines": [], "excluded_lines": [], "start_line": 14}, "AIInputInvalid": {"executed_lines": [], "summary": {"covered_lines": 0, "num_statements": 0, "percent_covered": 100.0, "percent_covered_display": "100", "missing_lines": 0, "excluded_lines": 0, "percent_statements_covered": 100.0, "percent_statements_covered_display": "100"}, "missing_lines": [], "excluded_lines": [], "start_line": 20}, "AIRateLimited": {"executed_lines": [], "summary": {"covered_lines": 0, "num_statements": 0, "percent_covered": 100.0, "percent_covered_display": "100", "missing_lines": 0, "excluded_lines": 0, "percent_statements_covered": 100.0, "percent_statements_covered_display": "100"}, "missing_lines": [], "excluded_lines": [], "start_line": 26}, "AITimeout": {"executed_lines": [], "summary": {"covered_lines": 0, "num_statements": 0, "percent_covered": 100.0, "percent_covered_display": "100", "missing_lines": 0, "excluded_lines": 0, "percent_statements_covered": 100.0, "percent_statements_covered_display": "100"}, "missing_lines": [], "excluded_lines": [], "start_line": 32}, "AIResponseInvalid": {"executed_lines": [], "summary": {"covered_lines": 0, "num_statements": 0, "percent_covered": 100.0, "percent_covered_display": "100", "missing_lines": 0, "excluded_lines": 0, "percent_statements_covered": 100.0, "percent_statements_covered_display": "100"}, "missing_lines": [], "excluded_lines": [], "start_line": 38}, "": {"executed_lines": [8, 10, 11, 14, 16, 17, 20, 22, 23, 26, 28, 29, 32, 34, 35, 38, 40, 41, 44, 50, 53, 54, 57, 58, 61, 62, 65, 66, 69, 70, 73], "summary": {"covered_lines": 31, "num_statements": 31, "percent_covered": 100.0, "percent_covered_display": "100", "missing_lines": 0, "excluded_lines": 0, "percent_statements_covered": 100.0, "percent_statements_covered_display": "100"}, "missing_lines": [], "excluded_lines": [], "start_line": 1}}}, "backend/ai_metrics.py": {"executed_lines": [6, 7, 8, 9, 10, 12, 15, 21, 22, 31, 32, 34, 35, 37, 38, 39, 40, 43, 46, 47, 49, 51, 52, 64, 65, 67, 69, 70, 83, 84, 85, 86, 87, 89, 91, 92, 102, 103, 104, 105, 106, 111, 120, 122, 123, 124, 125, 126, 127, 128, 129, 130, 132, 133, 134, 136, 137, 138, 139, 140, 141, 151, 152, 154, 155, 156], "summary": {"covered_lines": 66, "num_statements": 66, "percent_covered": 100.0, "percent_covered_display": "100", "missing_lines": 0, "excluded_lines": 0, "percent_statements_covered": 100.0, "percent_statements_covered_display": "100"}, "missing_lines": [], "excluded_lines": [], "functions": {"AIMetrics.cost_usd": {"executed_lines": [37, 38, 39, 40], "summary": {"covered_lines": 4, "num_statements": 4, "percent_covered": 100.0, "percent_covered_display": "100", "missing_lines": 0, "excluded_lines": 0, "percent_statements_covered": 100.0, "percent_statements_covered_display": "100"}, "missing_lines": [], "excluded_lines": [], "start_line": 35}, "AIMetricsCollector.__init__": {"executed_lines": [47], "summary": {"covered_lines": 1, "num_statements": 1, "percent_covered": 100.0, "percent_covered_display": "100", "missing_lines": 0, "excluded_lines": 0, "percent_statements_covered": 100.0, "percent_statements_covered_display": "100"}, "missing_lines": [], "excluded_lines": [], "start_line": 46}, "AIMetricsCollector.record": {"executed_lines": [51, 52, 64, 65], "summary": {"covered_lines": 4, "num_statements": 4, "percent_covered": 100.0, "percent_covered_display": "100", "missing_lines": 0, "excluded_lines": 0, "percent_statements_covered": 100.0, "percent_statements_covered_display": "100"}, "missing_lines": [], "excluded_lines": [], "start_line": 49}, "AIMetricsCollector.summary": {"executed_lines": [69, 70, 83, 84, 85, 86, 87], "summary": {"covered_lines": 7, "num_statements": 7, "percent_covered": 100.0, "percent_covered_display": "100", "missing_lines": 0, "excluded_lines": 0, "percent_statements_covered": 100.0, "percent_statements_covered_display": "100"}, "missing_lines": [], "excluded_lines": [], "start_line": 67}, "AIMetricsCollector.daily_cost": {"executed_lines": [91, 92, 102, 103, 104, 105, 106], "summary": {"covered_lines": 7, "num_statements": 7, "percent_covered": 100.0, "percent_covered_display": "100", "missing_lines": 0, "excluded_lines": 0, "percent_statements_covered": 100.0, "percent_statements_covered_display": "100"}, "missing_lines": [], "excluded_lines": [], "start_line": 89}, "TimedAICall.__init__": {"executed_lines": [122, 123, 124, 125, 126, 127, 128, 129, 130], "summary": {"covered_lines": 9, "num_statements": 9, "percent_covered": 100.0, "percent_covered_display": "100", "missing_lines": 0, "excluded_lines": 0, "percent_statements_covered": 100.0, "percent_statements_covered_display": "100"}, "missing_lines": [], "excluded_lines": [], "start_line": 120}, "TimedAICall.__aenter__": {"executed_lines": [133, 134], "summary": {"covered_lines": 2, "num_statements": 2, "percent_covered": 100.0, "percent_covered_display": "100", "missing_lines": 0, "excluded_lines": 0, "percent_statements_covered": 100.0, "percent_statements_covered_display": "100"}, "missing_lines": [], "excluded_lines": [], "start_line": 132}, "TimedAICall.__aexit__": {"executed_lines": [137, 138, 139, 140, 141, 151, 152], "summary": {"covered_lines": 7, "num_statements": 7, "percent_covered": 100.0, "percent_covered_display": "100", "missing_lines": 0, "excluded_lines": 0, "percent_statements_covered": 100.0, "percent_statements_covered_display": "100"}, "missing_lines": [], "excluded_lines": [], "start_line": 136}, "TimedAICall.set_tokens": {"executed_lines": [155, 156], "summary": {"covered_lines": 2, "num_statements": 2, "percent_covered": 100.0, "percent_covered_display": "100", "missing_lines": 0, "excluded_lines": 0, "percent_statements_covered": 100.0, "percent_statements_covered_display": "100"}, "missing_lines": [], "excluded_lines": [], "start_line": 154}, "": {"executed_lines": [6, 7, 8, 9, 10, 12, 15, 21, 22, 31, 32, 34, 35, 43, 46, 49, 67, 89, 111, 120, 132, 136, 154], "summary": {"covered_lines": 23, "num_statements": 23, "percent_covered": 100.0, "percent_covered_display": "100", "missing_lines": 0, "excluded_lines": 0, "percent_statements_covered": 100.0, "percent_statements_covered_display": "100"}, "missing_lines": [], "excluded_lines": [], "start_line": 1}}, "classes": {"AIMetrics": {"executed_lines": [37, 38, 39, 40], "summary": {"covered_lines": 4, "num_statements": 4, "percent_covered": 100.0, "percent_covered_display": "100", "missing_lines": 0, "excluded_lines": 0, "percent_statements_covered": 100.0, "percent_statements_covered_display": "100"}, "missing_lines": [], "excluded_lines": [], "start_line": 22}, "AIMetricsCollector": {"executed_lines": [47, 51, 52, 64, 65, 69, 70, 83, 84, 85, 86, 87, 91, 92, 102, 103, 104, 105, 106], "summary": {"covered_lines": 19, "num_statements": 19, "percent_covered": 100.0, "percent_covered_display": "100", "missing_lines": 0, "excluded_lines": 0, "percent_statements_covered": 100.0, "percent_statements_covered_display": "100"}, "missing_lines": [], "excluded_lines": [], "start_line": 43}, "TimedAICall": {"executed_lines": [122, 123, 124, 125, 126, 127, 128, 129, 130, 133, 134, 137, 138, 139, 140, 141, 151, 152, 155, 156], "summary": {"covered_lines": 20, "num_statements": 20, "percent_covered": 100.0, "percent_covered_display": "100", "missing_lines": 0, "excluded_lines": 0, "percent_statements_covered": 100.0, "percent_statements_covered_display": "100"}, "missing_lines": [], "excluded_lines": [], "start_line": 111}, "": {"executed_lines": [6, 7, 8, 9, 10, 12, 15, 21, 22, 31, 32, 34, 35, 43, 46, 49, 67, 89, 111, 120, 132, 136, 154], "summary": {"covered_lines": 23, "num_statements": 23, "percent_covered": 100.0, "percent_covered_display": "100", "missing_lines": 0, "excluded_lines": 0, "percent_statements_covered": 100.0, "percent_statements_covered_display": "100"}, "missing_lines": [], "excluded_lines": [], "start_line": 1}}}, "backend/ai_remediation.py": {"executed_lines": [14, 16, 26, 108, 144], "summary": {"covered_lines": 5, "num_statements": 15, "percent_covered": 33.333333333333336, "percent_covered_display": "33", "missing_lines": 10, "excluded_lines": 0, "percent_statements_covered": 33.333333333333336, "percent_statements_covered_display": "33"}, "missing_lines": [45, 50, 51, 52, 63, 105, 118, 141, 152, 198], "excluded_lines": [], "functions": {"generate_fixes": {"executed_lines": [], "summary": {"covered_lines": 0, "num_statements": 6, "percent_covered": 0.0, "percent_covered_display": "0", "missing_lines": 6, "excluded_lines": 0, "percent_statements_covered": 0.0, "percent_statements_covered_display": "0"}, "missing_lines": [45, 50, 51, 52, 63, 105], "excluded_lines": [], "start_line": 26}, "generate_single_fix": {"executed_lines": [], "summary": {"covered_lines": 0, "num_statements": 2, "percent_covered": 0.0, "percent_covered_display": "0", "missing_lines": 2, "excluded_lines": 0, "percent_statements_covered": 0.0, "percent_statements_covered_display": "0"}, "missing_lines": [118, 141], "excluded_lines": [], "start_line": 108}, "generate_content_grader": {"executed_lines": [], "summary": {"covered_lines": 0, "num_statements": 2, "percent_covered": 0.0, "percent_covered_display": "0", "missing_lines": 2, "excluded_lines": 0, "percent_statements_covered": 0.0, "percent_statements_covered_display": "0"}, "missing_lines": [152, 198], "excluded_lines": [], "start_line": 144}, "": {"executed_lines": [14, 16, 26, 108, 144], "summary": {"covered_lines": 5, "num_statements": 5, "percent_covered": 100.0, "percent_covered_display": "100", "missing_lines": 0, "excluded_lines": 0, "percent_statements_covered": 100.0, "percent_statements_covered_display": "100"}, "missing_lines": [], "excluded_lines": [], "start_line": 1}}, "classes": {"": {"executed_lines": [14, 16, 26, 108, 144], "summary": {"covered_lines": 5, "num_statements": 15, "percent_covered": 33.333333333333336, "percent_covered_display": "33", "missing_lines": 10, "excluded_lines": 0, "percent_statements_covered": 33.333333333333336, "percent_statements_covered_display": "33"}, "missing_lines": [45, 50, 51, 52, 63, 105, 118, 141, 152, 198], "excluded_lines": [], "start_line": 1}}}, "backend/ai_service.py": {"executed_lines": [2, 3, 5, 8, 15, 16, 39, 42, 43, 67, 70, 71, 72, 95, 98, 100, 108, 124], "summary": {"covered_lines": 18, "num_statements": 18, "percent_covered": 100.0, "percent_covered_display": "100", "missing_lines": 0, "excluded_lines": 0, "percent_statements_covered": 100.0, "percent_statements_covered_display": "100"}, "missing_lines": [], "excluded_lines": [], "functions": {"generate_meta_tags": {"executed_lines": [16, 39], "summary": {"covered_lines": 2, "num_statements": 2, "percent_covered": 100.0, "percent_covered_display": "100", "missing_lines": 0, "excluded_lines": 0, "percent_statements_covered": 100.0, "percent_statements_covered_display": "100"}, "missing_lines": [], "excluded_lines": [], "start_line": 15}, "keyword_research": {"executed_lines": [43, 67], "summary": {"covered_lines": 2, "num_statements": 2, "percent_covered": 100.0, "percent_covered_display": "100", "missing_lines": 0, "excluded_lines": 0, "percent_statements_covered": 100.0, "percent_statements_covered_display": "100"}, "missing_lines": [], "excluded_lines": [], "start_line": 42}, "competitor_analysis": {"executed_lines": [71, 72, 95], "summary": {"covered_lines": 3, "num_statements": 3, "percent_covered": 100.0, "percent_covered_display": "100", "missing_lines": 0, "excluded_lines": 0, "percent_statements_covered": 100.0, "percent_statements_covered_display": "100"}, "missing_lines": [], "excluded_lines": [], "start_line": 70}, "audit_recommendations": {"executed_lines": [100, 108, 124], "summary": {"covered_lines": 3, "num_statements": 3, "percent_covered": 100.0, "percent_covered_display": "100", "missing_lines": 0, "excluded_lines": 0, "percent_statements_covered": 100.0, "percent_statements_covered_display": "100"}, "missing_lines": [], "excluded_lines": [], "start_line": 98}, "": {"executed_lines": [2, 3, 5, 8, 15, 42, 70, 98], "summary": {"covered_lines": 8, "num_statements": 8, "percent_covered": 100.0, "percent_covered_display": "100", "missing_lines": 0, "excluded_lines": 0, "percent_statements_covered": 100.0, "percent_statements_covered_display": "100"}, "missing_lines": [], "excluded_lines": [], "start_line": 1}}, "classes": {"": {"executed_lines": [2, 3, 5, 8, 15, 16, 39, 42, 43, 67, 70, 71, 72, 95, 98, 100, 108, 124], "summary": {"covered_lines": 18, "num_statements": 18, "percent_covered": 100.0, "percent_covered_display": "100", "missing_lines": 0, "excluded_lines": 0, "percent_statements_covered": 100.0, "percent_statements_covered_display": "100"}, "missing_lines": [], "excluded_lines": [], "start_line": 1}}}, "backend/ai_strategy.py": {"executed_lines": [9, 11, 24, 118, 209, 286, 340], "summary": {"covered_lines": 7, "num_statements": 24, "percent_covered": 29.166666666666668, "percent_covered_display": "29", "missing_lines": 17, "excluded_lines": 0, "percent_statements_covered": 29.166666666666668, "percent_statements_covered_display": "29"}, "missing_lines": [35, 111, 133, 135, 137, 202, 228, 239, 241, 279, 342, 345, 346, 349, 350, 351, 354], "excluded_lines": [], "functions": {"generate_content_strategy": {"executed_lines": [], "summary": {"covered_lines": 0, "num_statements": 2, "percent_covered": 0.0, "percent_covered_display": "0", "missing_lines": 2, "excluded_lines": 0, "percent_statements_covered": 0.0, "percent_statements_covered_display": "0"}, "missing_lines": [35, 111], "excluded_lines": [], "start_line": 24}, "repurpose_content": {"executed_lines": [], "summary": {"covered_lines": 0, "num_statements": 4, "percent_covered": 0.0, "percent_covered_display": "0", "missing_lines": 4, "excluded_lines": 0, "percent_statements_covered": 0.0, "percent_statements_covered_display": "0"}, "missing_lines": [133, 135, 137, 202], "excluded_lines": [], "start_line": 118}, "generate_image_prompts": {"executed_lines": [], "summary": {"covered_lines": 0, "num_statements": 4, "percent_covered": 0.0, "percent_covered_display": "0", "missing_lines": 4, "excluded_lines": 0, "percent_statements_covered": 0.0, "percent_statements_covered_display": "0"}, "missing_lines": [228, 239, 241, 279], "excluded_lines": [], "start_line": 209}, "get_industry_pack": {"executed_lines": [], "summary": {"covered_lines": 0, "num_statements": 7, "percent_covered": 0.0, "percent_covered_display": "0", "missing_lines": 7, "excluded_lines": 0, "percent_statements_covered": 0.0, "percent_statements_covered_display": "0"}, "missing_lines": [342, 345, 346, 349, 350, 351, 354], "excluded_lines": [], "start_line": 340}, "": {"executed_lines": [9, 11, 24, 118, 209, 286, 340], "summary": {"covered_lines": 7, "num_statements": 7, "percent_covered": 100.0, "percent_covered_display": "100", "missing_lines": 0, "excluded_lines": 0, "percent_statements_covered": 100.0, "percent_statements_covered_display": "100"}, "missing_lines": [], "excluded_lines": [], "start_line": 1}}, "classes": {"": {"executed_lines": [9, 11, 24, 118, 209, 286, 340], "summary": {"covered_lines": 7, "num_statements": 24, "percent_covered": 29.166666666666668, "percent_covered_display": "29", "missing_lines": 17, "excluded_lines": 0, "percent_statements_covered": 29.166666666666668, "percent_statements_covered_display": "29"}, "missing_lines": [35, 111, 133, 135, 137, 202, 228, 239, 241, 279, 342, 345, 346, 349, 350, 351, 354], "excluded_lines": [], "start_line": 1}}}, "backend/ai_visibility.py": {"executed_lines": [8, 10, 13, 20, 23, 33, 34, 39, 41, 86], "summary": {"covered_lines": 10, "num_statements": 10, "percent_covered": 100.0, "percent_covered_display": "100", "missing_lines": 0, "excluded_lines": 0, "percent_statements_covered": 100.0, "percent_statements_covered_display": "100"}, "missing_lines": [], "excluded_lines": [], "functions": {"check_ai_visibility": {"executed_lines": [33, 34, 39, 41, 86], "summary": {"covered_lines": 5, "num_statements": 5, "percent_covered": 100.0, "percent_covered_display": "100", "missing_lines": 0, "excluded_lines": 0, "percent_statements_covered": 100.0, "percent_statements_covered_display": "100"}, "missing_lines": [], "excluded_lines": [], "start_line": 23}, "": {"executed_lines": [8, 10, 13, 20, 23], "summary": {"covered_lines": 5, "num_statements": 5, "percent_covered": 100.0, "percent_covered_display": "100", "missing_lines": 0, "excluded_lines": 0, "percent_statements_covered": 100.0, "percent_statements_covered_display": "100"}, "missing_lines": [], "excluded_lines": [], "start_line": 1}}, "classes": {"": {"executed_lines": [8, 10, 13, 20, 23, 33, 34, 39, 41, 86], "summary": {"covered_lines": 10, "num_statements": 10, "percent_covered": 100.0, "percent_covered_display": "100", "missing_lines": 0, "excluded_lines": 0, "percent_statements_covered": 100.0, "percent_statements_covered_display": "100"}, "missing_lines": [], "excluded_lines": [], "start_line": 1}}}, "backend/analytics.py": {"executed_lines": [7, 8, 10, 12, 15, 66, 108, 154, 191], "summary": {"covered_lines": 9, "num_statements": 70, "percent_covered": 12.857142857142858, "percent_covered_display": "13", "missing_lines": 61, "excluded_lines": 0, "percent_statements_covered": 12.857142857142858, "percent_statements_covered_display": "13"}, "missing_lines": [24, 27, 30, 35, 36, 39, 45, 49, 68, 75, 78, 80, 81, 82, 84, 85, 86, 87, 88, 89, 90, 95, 96, 98, 110, 113, 117, 118, 121, 122, 126, 129, 134, 135, 136, 137, 145, 156, 158, 169, 170, 171, 172, 173, 174, 178, 179, 180, 185, 193, 196, 204, 205, 208, 216, 217, 220, 221, 222, 223, 229], "excluded_lines": [], "functions": {"get_funnel_metrics": {"executed_lines": [], "summary": {"covered_lines": 0, "num_statements": 8, "percent_covered": 0.0, "percent_covered_display": "0", "missing_lines": 8, "excluded_lines": 0, "percent_statements_covered": 0.0, "percent_statements_covered_display": "0"}, "missing_lines": [24, 27, 30, 35, 36, 39, 45, 49], "excluded_lines": [], "start_line": 15}, "get_mrr": {"executed_lines": [], "summary": {"covered_lines": 0, "num_statements": 16, "percent_covered": 0.0, "percent_covered_display": "0", "missing_lines": 16, "excluded_lines": 0, "percent_statements_covered": 0.0, "percent_statements_covered_display": "0"}, "missing_lines": [68, 75, 78, 80, 81, 82, 84, 85, 86, 87, 88, 89, 90, 95, 96, 98], "excluded_lines": [], "start_line": 66}, "get_churn_indicators": {"executed_lines": [], "summary": {"covered_lines": 0, "num_statements": 13, "percent_covered": 0.0, "percent_covered_display": "0", "missing_lines": 13, "excluded_lines": 0, "percent_statements_covered": 0.0, "percent_statements_covered_display": "0"}, "missing_lines": [110, 113, 117, 118, 121, 122, 126, 129, 134, 135, 136, 137, 145], "excluded_lines": [], "start_line": 108}, "get_feature_adoption": {"executed_lines": [], "summary": {"covered_lines": 0, "num_statements": 12, "percent_covered": 0.0, "percent_covered_display": "0", "missing_lines": 12, "excluded_lines": 0, "percent_statements_covered": 0.0, "percent_statements_covered_display": "0"}, "missing_lines": [156, 158, 169, 170, 171, 172, 173, 174, 178, 179, 180, 185], "excluded_lines": [], "start_line": 154}, "get_daily_metrics": {"executed_lines": [], "summary": {"covered_lines": 0, "num_statements": 12, "percent_covered": 0.0, "percent_covered_display": "0", "missing_lines": 12, "excluded_lines": 0, "percent_statements_covered": 0.0, "percent_statements_covered_display": "0"}, "missing_lines": [193, 196, 204, 205, 208, 216, 217, 220, 221, 222, 223, 229], "excluded_lines": [], "start_line": 191}, "": {"executed_lines": [7, 8, 10, 12, 15, 66, 108, 154, 191], "summary": {"covered_lines": 9, "num_statements": 9, "percent_covered": 100.0, "percent_covered_display": "100", "missing_lines": 0, "excluded_lines": 0, "percent_statements_covered": 100.0, "percent_statements_covered_display": "100"}, "missing_lines": [], "excluded_lines": [], "start_line": 1}}, "classes": {"": {"executed_lines": [7, 8, 10, 12, 15, 66, 108, 154, 191], "summary": {"covered_lines": 9, "num_statements": 70, "percent_covered": 12.857142857142858, "percent_covered_display": "13", "missing_lines": 61, "excluded_lines": 0, "percent_statements_covered": 12.857142857142858, "percent_statements_covered_display": "13"}, "missing_lines": [24, 27, 30, 35, 36, 39, 45, 49, 68, 75, 78, 80, 81, 82, 84, 85, 86, 87, 88, 89, 90, 95, 96, 98, 110, 113, 117, 118, 121, 122, 126, 129, 134, 135, 136, 137, 145, 156, 158, 169, 170, 171, 172, 173, 174, 178, 179, 180, 185, 193, 196, 204, 205, 208, 216, 217, 220, 221, 222, 223, 229], "excluded_lines": [], "start_line": 1}}}, "backend/auth.py": {"executed_lines": [2, 3, 4, 5, 6, 7, 8, 10, 11, 14, 15, 16, 17, 18, 21, 22, 23, 26, 27, 28, 29, 30, 31, 34, 35, 41, 44, 45, 48, 49, 50, 51, 52, 53, 54, 55, 58, 60, 61, 62, 63, 64, 65, 66, 67, 68, 69, 70, 71, 72, 73, 74], "summary": {"covered_lines": 52, "num_statements": 52, "percent_covered": 100.0, "percent_covered_display": "100", "missing_lines": 0, "excluded_lines": 0, "percent_statements_covered": 100.0, "percent_statements_covered_display": "100"}, "missing_lines": [], "excluded_lines": [], "functions": {"get_jwt_secret": {"executed_lines": [15, 16, 17, 18], "summary": {"covered_lines": 4, "num_statements": 4, "percent_covered": 100.0, "percent_covered_display": "100", "missing_lines": 0, "excluded_lines": 0, "percent_statements_covered": 100.0, "percent_statements_covered_display": "100"}, "missing_lines": [], "excluded_lines": [], "start_line": 14}, "hash_password": {"executed_lines": [22, 23], "summary": {"covered_lines": 2, "num_statements": 2, "percent_covered": 100.0, "percent_covered_display": "100", "missing_lines": 0, "excluded_lines": 0, "percent_statements_covered": 100.0, "percent_statements_covered_display": "100"}, "missing_lines": [], "excluded_lines": [], "start_line": 21}, "verify_password": {"executed_lines": [27, 28, 29, 30, 31], "summary": {"covered_lines": 5, "num_statements": 5, "percent_covered": 100.0, "percent_covered_display": "100", "missing_lines": 0, "excluded_lines": 0, "percent_statements_covered": 100.0, "percent_statements_covered_display": "100"}, "missing_lines": [], "excluded_lines": [], "start_line": 26}, "create_access_token": {"executed_lines": [35, 41], "summary": {"covered_lines": 2, "num_statements": 2, "percent_covered": 100.0, "percent_covered_display": "100", "missing_lines": 0, "excluded_lines": 0, "percent_statements_covered": 100.0, "percent_statements_covered_display": "100"}, "missing_lines": [], "excluded_lines": [], "start_line": 34}, "decode_token": {"executed_lines": [45], "summary": {"covered_lines": 1, "num_statements": 1, "percent_covered": 100.0, "percent_covered_display": "100", "missing_lines": 0, "excluded_lines": 0, "percent_statements_covered": 100.0, "percent_statements_covered_display": "100"}, "missing_lines": [], "excluded_lines": [], "start_line": 44}, "extract_token": {"executed_lines": [49, 50, 51, 52, 53, 54, 55], "summary": {"covered_lines": 7, "num_statements": 7, "percent_covered": 100.0, "percent_covered_display": "100", "missing_lines": 0, "excluded_lines": 0, "percent_statements_covered": 100.0, "percent_statements_covered_display": "100"}, "missing_lines": [], "excluded_lines": [], "start_line": 48}, "get_current_user_id": {"executed_lines": [60, 61, 62, 63, 64, 65, 66, 67, 68, 69, 70, 71, 72, 73, 74], "summary": {"covered_lines": 15, "num_statements": 15, "percent_covered": 100.0, "percent_covered_display": "100", "missing_lines": 0, "excluded_lines": 0, "percent_statements_covered": 100.0, "percent_statements_covered_display": "100"}, "missing_lines": [], "excluded_lines": [], "start_line": 58}, "": {"executed_lines": [2, 3, 4, 5, 6, 7, 8, 10, 11, 14, 21, 26, 34, 44, 48, 58], "summary": {"covered_lines": 16, "num_statements": 16, "percent_covered": 100.0, "percent_covered_display": "100", "missing_lines": 0, "excluded_lines": 0, "percent_statements_covered": 100.0, "percent_statements_covered_display": "100"}, "missing_lines": [], "excluded_lines": [], "start_line": 1}}, "classes": {"": {"executed_lines": [2, 3, 4, 5, 6, 7, 8, 10, 11, 14, 15, 16, 17, 18, 21, 22, 23, 26, 27, 28, 29, 30, 31, 34, 35, 41, 44, 45, 48, 49, 50, 51, 52, 53, 54, 55, 58, 60, 61, 62, 63, 64, 65, 66, 67, 68, 69, 70, 71, 72, 73, 74], "summary": {"covered_lines": 52, "num_statements": 52, "percent_covered": 100.0, "percent_covered_display": "100", "missing_lines": 0, "excluded_lines": 0, "percent_statements_covered": 100.0, "percent_statements_covered_display": "100"}, "missing_lines": [], "excluded_lines": [], "start_line": 1}}}, "backend/billing.py": {"executed_lines": [5, 6, 7, 8, 10, 14, 133, 134, 137, 138, 139, 142, 143, 144, 145, 146, 147, 150, 151, 152, 153, 156, 166, 167, 168, 170, 171, 172, 179, 180, 181, 183, 184, 186, 198, 199, 200, 205, 212, 229, 230, 231], "summary": {"covered_lines": 42, "num_statements": 43, "percent_covered": 97.67441860465117, "percent_covered_display": "98", "missing_lines": 1, "excluded_lines": 0, "percent_statements_covered": 97.67441860465117, "percent_statements_covered_display": "98"}, "missing_lines": [206], "excluded_lines": [], "functions": {"get_plan": {"executed_lines": [134], "summary": {"covered_lines": 1, "num_statements": 1, "percent_covered": 100.0, "percent_covered_display": "100", "missing_lines": 0, "excluded_lines": 0, "percent_statements_covered": 100.0, "percent_statements_covered_display": "100"}, "missing_lines": [], "excluded_lines": [], "start_line": 133}, "month_key": {"executed_lines": [138, 139], "summary": {"covered_lines": 2, "num_statements": 2, "percent_covered": 100.0, "percent_covered_display": "100", "missing_lines": 0, "excluded_lines": 0, "percent_statements_covered": 100.0, "percent_statements_covered_display": "100"}, "missing_lines": [], "excluded_lines": [], "start_line": 137}, "_price_id_for": {"executed_lines": [143, 144, 145, 146, 147], "summary": {"covered_lines": 5, "num_statements": 5, "percent_covered": 100.0, "percent_covered_display": "100", "missing_lines": 0, "excluded_lines": 0, "percent_statements_covered": 100.0, "percent_statements_covered_display": "100"}, "missing_lines": [], "excluded_lines": [], "start_line": 142}, "_NormalizedSession.__init__": {"executed_lines": [152, 153], "summary": {"covered_lines": 2, "num_statements": 2, "percent_covered": 100.0, "percent_covered_display": "100", "missing_lines": 0, "excluded_lines": 0, "percent_statements_covered": 100.0, "percent_statements_covered_display": "100"}, "missing_lines": [], "excluded_lines": [], "start_line": 151}, "create_subscription_checkout": {"executed_lines": [166, 167, 168, 170, 171, 172, 179, 180, 181, 183, 184, 186, 198, 199, 200, 205, 212, 229, 230, 231], "summary": {"covered_lines": 20, "num_statements": 21, "percent_covered": 95.23809523809524, "percent_covered_display": "95", "missing_lines": 1, "excluded_lines": 0, "percent_statements_covered": 95.23809523809524, "percent_statements_covered_display": "95"}, "missing_lines": [206], "excluded_lines": [], "start_line": 156}, "": {"executed_lines": [5, 6, 7, 8, 10, 14, 133, 137, 142, 150, 151, 156], "summary": {"covered_lines": 12, "num_statements": 12, "percent_covered": 100.0, "percent_covered_display": "100", "missing_lines": 0, "excluded_lines": 0, "percent_statements_covered": 100.0, "percent_statements_covered_display": "100"}, "missing_lines": [], "excluded_lines": [], "start_line": 1}}, "classes": {"_NormalizedSession": {"executed_lines": [152, 153], "summary": {"covered_lines": 2, "num_statements": 2, "percent_covered": 100.0, "percent_covered_display": "100", "missing_lines": 0, "excluded_lines": 0, "percent_statements_covered": 100.0, "percent_statements_covered_display": "100"}, "missing_lines": [], "excluded_lines": [], "start_line": 150}, "": {"executed_lines": [5, 6, 7, 8, 10, 14, 133, 134, 137, 138, 139, 142, 143, 144, 145, 146, 147, 150, 151, 156, 166, 167, 168, 170, 171, 172, 179, 180, 181, 183, 184, 186, 198, 199, 200, 205, 212, 229, 230, 231], "summary": {"covered_lines": 40, "num_statements": 41, "percent_covered": 97.5609756097561, "percent_covered_display": "98", "missing_lines": 1, "excluded_lines": 0, "percent_statements_covered": 97.5609756097561, "percent_statements_covered_display": "98"}, "missing_lines": [206], "excluded_lines": [], "start_line": 1}}}, "backend/blog_service.py": {"executed_lines": [11, 12, 13, 14, 15, 17, 19, 22, 23, 26, 55, 60, 65, 85, 97, 103, 114, 116, 117, 120, 122, 290, 291, 292, 293, 294, 295, 296, 298, 299], "summary": {"covered_lines": 30, "num_statements": 60, "percent_covered": 50.0, "percent_covered_display": "50", "missing_lines": 30, "excluded_lines": 0, "percent_statements_covered": 50.0, "percent_statements_covered_display": "50"}, "missing_lines": [33, 34, 35, 37, 51, 52, 57, 62, 70, 71, 72, 73, 74, 75, 76, 78, 79, 80, 82, 87, 88, 92, 93, 94, 99, 100, 105, 110, 111, 118], "excluded_lines": [], "functions": {"_now_iso": {"executed_lines": [23], "summary": {"covered_lines": 1, "num_statements": 1, "percent_covered": 100.0, "percent_covered_display": "100", "missing_lines": 0, "excluded_lines": 0, "percent_statements_covered": 100.0, "percent_statements_covered_display": "100"}, "missing_lines": [], "excluded_lines": [], "start_line": 22}, "create_post": {"executed_lines": [], "summary": {"covered_lines": 0, "num_statements": 6, "percent_covered": 0.0, "percent_covered_display": "0", "missing_lines": 6, "excluded_lines": 0, "percent_statements_covered": 0.0, "percent_statements_covered_display": "0"}, "missing_lines": [33, 34, 35, 37, 51, 52], "excluded_lines": [], "start_line": 26}, "get_post": {"executed_lines": [], "summary": {"covered_lines": 0, "num_statements": 1, "percent_covered": 0.0, "percent_covered_display": "0", "missing_lines": 1, "excluded_lines": 0, "percent_statements_covered": 0.0, "percent_statements_covered_display": "0"}, "missing_lines": [57], "excluded_lines": [], "start_line": 55}, "get_post_by_id": {"executed_lines": [], "summary": {"covered_lines": 0, "num_statements": 1, "percent_covered": 0.0, "percent_covered_display": "0", "missing_lines": 1, "excluded_lines": 0, "percent_statements_covered": 0.0, "percent_statements_covered_display": "0"}, "missing_lines": [62], "excluded_lines": [], "start_line": 60}, "list_posts": {"executed_lines": [], "summary": {"covered_lines": 0, "num_statements": 11, "percent_covered": 0.0, "percent_covered_display": "0", "missing_lines": 11, "excluded_lines": 0, "percent_statements_covered": 0.0, "percent_statements_covered_display": "0"}, "missing_lines": [70, 71, 72, 73, 74, 75, 76, 78, 79, 80, 82], "excluded_lines": [], "start_line": 65}, "update_post": {"executed_lines": [], "summary": {"covered_lines": 0, "num_statements": 5, "percent_covered": 0.0, "percent_covered_display": "0", "missing_lines": 5, "excluded_lines": 0, "percent_statements_covered": 0.0, "percent_statements_covered_display": "0"}, "missing_lines": [87, 88, 92, 93, 94], "excluded_lines": [], "start_line": 85}, "delete_post": {"executed_lines": [], "summary": {"covered_lines": 0, "num_statements": 2, "percent_covered": 0.0, "percent_covered_display": "0", "missing_lines": 2, "excluded_lines": 0, "percent_statements_covered": 0.0, "percent_statements_covered_display": "0"}, "missing_lines": [99, 100], "excluded_lines": [], "start_line": 97}, "get_categories": {"executed_lines": [], "summary": {"covered_lines": 0, "num_statements": 3, "percent_covered": 0.0, "percent_covered_display": "0", "missing_lines": 3, "excluded_lines": 0, "percent_statements_covered": 0.0, "percent_statements_covered_display": "0"}, "missing_lines": [105, 110, 111], "excluded_lines": [], "start_line": 103}, "seed_default_posts": {"executed_lines": [116, 117, 120, 122, 290, 291, 292, 293, 294, 295, 296, 298, 299], "summary": {"covered_lines": 13, "num_statements": 14, "percent_covered": 92.85714285714286, "percent_covered_display": "93", "missing_lines": 1, "excluded_lines": 0, "percent_statements_covered": 92.85714285714286, "percent_statements_covered_display": "93"}, "missing_lines": [118], "excluded_lines": [], "start_line": 114}, "": {"executed_lines": [11, 12, 13, 14, 15, 17, 19, 22, 26, 55, 60, 65, 85, 97, 103, 114], "summary": {"covered_lines": 16, "num_statements": 16, "percent_covered": 100.0, "percent_covered_display": "100", "missing_lines": 0, "excluded_lines": 0, "percent_statements_covered": 100.0, "percent_statements_covered_display": "100"}, "missing_lines": [], "excluded_lines": [], "start_line": 1}}, "classes": {"": {"executed_lines": [11, 12, 13, 14, 15, 17, 19, 22, 23, 26, 55, 60, 65, 85, 97, 103, 114, 116, 117, 120, 122, 290, 291, 292, 293, 294, 295, 296, 298, 299], "summary": {"covered_lines": 30, "num_statements": 60, "percent_covered": 50.0, "percent_covered_display": "50", "missing_lines": 30, "excluded_lines": 0, "percent_statements_covered": 50.0, "percent_statements_covered_display": "50"}, "missing_lines": [33, 34, 35, 37, 51, 52, 57, 62, 70, 71, 72, 73, 74, 75, 76, 78, 79, 80, 82, 87, 88, 92, 93, 94, 99, 100, 105, 110, 111, 118], "excluded_lines": [], "start_line": 1}}}, "backend/cache.py": {"executed_lines": [6, 7, 8, 9, 12, 15, 16, 17, 19, 21, 22, 23, 24, 25, 26, 27, 28, 30, 32, 33, 35, 37, 39, 41, 43, 45, 46, 47, 48, 49, 53, 54, 55, 58], "summary": {"covered_lines": 34, "num_statements": 46, "percent_covered": 73.91304347826087, "percent_covered_display": "74", "missing_lines": 12, "excluded_lines": 1, "percent_statements_covered": 73.91304347826087, "percent_statements_covered_display": "74"}, "missing_lines": [69, 70, 71, 73, 74, 75, 76, 77, 78, 79, 80, 81], "excluded_lines": [59], "functions": {"TTLCache.__init__": {"executed_lines": [16, 17], "summary": {"covered_lines": 2, "num_statements": 2, "percent_covered": 100.0, "percent_covered_display": "100", "missing_lines": 0, "excluded_lines": 0, "percent_statements_covered": 100.0, "percent_statements_covered_display": "100"}, "missing_lines": [], "excluded_lines": [], "start_line": 15}, "TTLCache.get": {"executed_lines": [21, 22, 23, 24, 25, 26, 27, 28], "summary": {"covered_lines": 8, "num_statements": 8, "percent_covered": 100.0, "percent_covered_display": "100", "missing_lines": 0, "excluded_lines": 0, "percent_statements_covered": 100.0, "percent_statements_covered_display": "100"}, "missing_lines": [], "excluded_lines": [], "start_line": 19}, "TTLCache.set": {"executed_lines": [32, 33], "summary": {"covered_lines": 2, "num_statements": 2, "percent_covered": 100.0, "percent_covered_display": "100", "missing_lines": 0, "excluded_lines": 0, "percent_statements_covered": 100.0, "percent_statements_covered_display": "100"}, "missing_lines": [], "excluded_lines": [], "start_line": 30}, "TTLCache.delete": {"executed_lines": [37], "summary": {"covered_lines": 1, "num_statements": 1, "percent_covered": 100.0, "percent_covered_display": "100", "missing_lines": 0, "excluded_lines": 0, "percent_statements_covered": 100.0, "percent_statements_covered_display": "100"}, "missing_lines": [], "excluded_lines": [], "start_line": 35}, "TTLCache.clear": {"executed_lines": [41], "summary": {"covered_lines": 1, "num_statements": 1, "percent_covered": 100.0, "percent_covered_display": "100", "missing_lines": 0, "excluded_lines": 0, "percent_statements_covered": 100.0, "percent_statements_covered_display": "100"}, "missing_lines": [], "excluded_lines": [], "start_line": 39}, "TTLCache.__len__": {"executed_lines": [45, 46, 47, 48, 49], "summary": {"covered_lines": 5, "num_statements": 5, "percent_covered": 100.0, "percent_covered_display": "100", "missing_lines": 0, "excluded_lines": 0, "percent_statements_covered": 100.0, "percent_statements_covered_display": "100"}, "missing_lines": [], "excluded_lines": [], "start_line": 43}, "cached": {"executed_lines": [], "summary": {"covered_lines": 0, "num_statements": 3, "percent_covered": 0.0, "percent_covered_display": "0", "missing_lines": 3, "excluded_lines": 1, "percent_statements_covered": 0.0, "percent_statements_covered_display": "0"}, "missing_lines": [69, 70, 81], "excluded_lines": [59], "start_line": 58}, "cached.decorator": {"executed_lines": [], "summary": {"covered_lines": 0, "num_statements": 2, "percent_covered": 0.0, "percent_covered_display": "0", "missing_lines": 2, "excluded_lines": 0, "percent_statements_covered": 0.0, "percent_statements_covered_display": "0"}, "missing_lines": [71, 80], "excluded_lines": [], "start_line": 69}, "cached.decorator.wrapper": {"executed_lines": [], "summary": {"covered_lines": 0, "num_statements": 7, "percent_covered": 0.0, "percent_covered_display": "0", "missing_lines": 7, "excluded_lines": 0, "percent_statements_covered": 0.0, "percent_statements_covered_display": "0"}, "missing_lines": [73, 74, 75, 76, 77, 78, 79], "excluded_lines": [], "start_line": 71}, "": {"executed_lines": [6, 7, 8, 9, 12, 15, 19, 30, 35, 39, 43, 53, 54, 55, 58], "summary": {"covered_lines": 15, "num_statements": 15, "percent_covered": 100.0, "percent_covered_display": "100", "missing_lines": 0, "excluded_lines": 0, "percent_statements_covered": 100.0, "percent_statements_covered_display": "100"}, "missing_lines": [], "excluded_lines": [], "start_line": 1}}, "classes": {"TTLCache": {"executed_lines": [16, 17, 21, 22, 23, 24, 25, 26, 27, 28, 32, 33, 37, 41, 45, 46, 47, 48, 49], "summary": {"covered_lines": 19, "num_statements": 19, "percent_covered": 100.0, "percent_covered_display": "100", "missing_lines": 0, "excluded_lines": 0, "percent_statements_covered": 100.0, "percent_statements_covered_display": "100"}, "missing_lines": [], "excluded_lines": [], "start_line": 12}, "": {"executed_lines": [6, 7, 8, 9, 12, 15, 19, 30, 35, 39, 43, 53, 54, 55, 58], "summary": {"covered_lines": 15, "num_statements": 27, "percent_covered": 55.55555555555556, "percent_covered_display": "56", "missing_lines": 12, "excluded_lines": 1, "percent_statements_covered": 55.55555555555556, "percent_statements_covered_display": "56"}, "missing_lines": [69, 70, 71, 73, 74, 75, 76, 77, 78, 79, 80, 81], "excluded_lines": [59], "start_line": 1}}}, "backend/competitor_analysis.py": {"executed_lines": [3, 4, 5, 8, 77, 107, 160], "summary": {"covered_lines": 7, "num_statements": 78, "percent_covered": 8.974358974358974, "percent_covered_display": "9", "missing_lines": 71, "excluded_lines": 0, "percent_statements_covered": 8.974358974358974, "percent_statements_covered_display": "9"}, "missing_lines": [22, 23, 25, 26, 30, 31, 34, 37, 38, 39, 40, 41, 42, 43, 46, 48, 79, 80, 82, 83, 84, 86, 87, 88, 89, 90, 92, 109, 111, 112, 114, 115, 120, 121, 123, 131, 132, 133, 134, 140, 141, 142, 143, 149, 150, 151, 152, 157, 162, 164, 165, 168, 169, 177, 178, 179, 181, 183, 184, 185, 192, 193, 200, 201, 208, 209, 216, 217, 224, 225, 233], "excluded_lines": [], "functions": {"compare_competitors": {"executed_lines": [], "summary": {"covered_lines": 0, "num_statements": 16, "percent_covered": 0.0, "percent_covered_display": "0", "missing_lines": 16, "excluded_lines": 0, "percent_statements_covered": 0.0, "percent_statements_covered_display": "0"}, "missing_lines": [22, 23, 25, 26, 30, 31, 34, 37, 38, 39, 40, 41, 42, 43, 46, 48], "excluded_lines": [], "start_line": 8}, "_build_comparison": {"executed_lines": [], "summary": {"covered_lines": 0, "num_statements": 11, "percent_covered": 0.0, "percent_covered_display": "0", "missing_lines": 11, "excluded_lines": 0, "percent_statements_covered": 0.0, "percent_statements_covered_display": "0"}, "missing_lines": [79, 80, 82, 83, 84, 86, 87, 88, 89, 90, 92], "excluded_lines": [], "start_line": 77}, "_generate_insights": {"executed_lines": [], "summary": {"covered_lines": 0, "num_statements": 21, "percent_covered": 0.0, "percent_covered_display": "0", "missing_lines": 21, "excluded_lines": 0, "percent_statements_covered": 0.0, "percent_statements_covered_display": "0"}, "missing_lines": [109, 111, 112, 114, 115, 120, 121, 123, 131, 132, 133, 134, 140, 141, 142, 143, 149, 150, 151, 152, 157], "excluded_lines": [], "start_line": 107}, "_generate_recommendations": {"executed_lines": [], "summary": {"covered_lines": 0, "num_statements": 23, "percent_covered": 0.0, "percent_covered_display": "0", "missing_lines": 23, "excluded_lines": 0, "percent_statements_covered": 0.0, "percent_statements_covered_display": "0"}, "missing_lines": [162, 164, 165, 168, 169, 177, 178, 179, 181, 183, 184, 185, 192, 193, 200, 201, 208, 209, 216, 217, 224, 225, 233], "excluded_lines": [], "start_line": 160}, "": {"executed_lines": [3, 4, 5, 8, 77, 107, 160], "summary": {"covered_lines": 7, "num_statements": 7, "percent_covered": 100.0, "percent_covered_display": "100", "missing_lines": 0, "excluded_lines": 0, "percent_statements_covered": 100.0, "percent_statements_covered_display": "100"}, "missing_lines": [], "excluded_lines": [], "start_line": 1}}, "classes": {"": {"executed_lines": [3, 4, 5, 8, 77, 107, 160], "summary": {"covered_lines": 7, "num_statements": 78, "percent_covered": 8.974358974358974, "percent_covered_display": "9", "missing_lines": 71, "excluded_lines": 0, "percent_statements_covered": 8.974358974358974, "percent_statements_covered_display": "9"}, "missing_lines": [22, 23, 25, 26, 30, 31, 34, 37, 38, 39, 40, 41, 42, 43, 46, 48, 79, 80, 82, 83, 84, 86, 87, 88, 89, 90, 92, 109, 111, 112, 114, 115, 120, 121, 123, 131, 132, 133, 134, 140, 141, 142, 143, 149, 150, 151, 152, 157, 162, 164, 165, 168, 169, 177, 178, 179, 181, 183, 184, 185, 192, 193, 200, 201, 208, 209, 216, 217, 224, 225, 233], "excluded_lines": [], "start_line": 1}}}, "backend/database.py": {"executed_lines": [6, 7, 9, 10, 13, 21, 32, 35, 38, 42], "summary": {"covered_lines": 10, "num_statements": 21, "percent_covered": 47.61904761904762, "percent_covered_display": "48", "missing_lines": 11, "excluded_lines": 0, "percent_statements_covered": 47.61904761904762, "percent_statements_covered_display": "48"}, "missing_lines": [17, 18, 23, 24, 25, 26, 27, 28, 29, 36, 39], "excluded_lines": [], "functions": {"_init_connection": {"executed_lines": [], "summary": {"covered_lines": 0, "num_statements": 2, "percent_covered": 0.0, "percent_covered_display": "0", "missing_lines": 2, "excluded_lines": 0, "percent_statements_covered": 0.0, "percent_statements_covered_display": "0"}, "missing_lines": [17, 18], "excluded_lines": [], "start_line": 13}, "_get_db": {"executed_lines": [], "summary": {"covered_lines": 0, "num_statements": 7, "percent_covered": 0.0, "percent_covered_display": "0", "missing_lines": 7, "excluded_lines": 0, "percent_statements_covered": 0.0, "percent_statements_covered_display": "0"}, "missing_lines": [23, 24, 25, 26, 27, 28, 29], "excluded_lines": [], "start_line": 21}, "_LazyDB.__getattr__": {"executed_lines": [], "summary": {"covered_lines": 0, "num_statements": 1, "percent_covered": 0.0, "percent_covered_display": "0", "missing_lines": 1, "excluded_lines": 0, "percent_statements_covered": 0.0, "percent_statements_covered_display": "0"}, "missing_lines": [36], "excluded_lines": [], "start_line": 35}, "_LazyDB.__getitem__": {"executed_lines": [], "summary": {"covered_lines": 0, "num_statements": 1, "percent_covered": 0.0, "percent_covered_display": "0", "missing_lines": 1, "excluded_lines": 0, "percent_statements_covered": 0.0, "percent_statements_covered_display": "0"}, "missing_lines": [39], "excluded_lines": [], "start_line": 38}, "": {"executed_lines": [6, 7, 9, 10, 13, 21, 32, 35, 38, 42], "summary": {"covered_lines": 10, "num_statements": 10, "percent_covered": 100.0, "percent_covered_display": "100", "missing_lines": 0, "excluded_lines": 0, "percent_statements_covered": 100.0, "percent_statements_covered_display": "100"}, "missing_lines": [], "excluded_lines": [], "start_line": 1}}, "classes": {"_LazyDB": {"executed_lines": [], "summary": {"covered_lines": 0, "num_statements": 2, "percent_covered": 0.0, "percent_covered_display": "0", "missing_lines": 2, "excluded_lines": 0, "percent_statements_covered": 0.0, "percent_statements_covered_display": "0"}, "missing_lines": [36, 39], "excluded_lines": [], "start_line": 32}, "": {"executed_lines": [6, 7, 9, 10, 13, 21, 32, 35, 38, 42], "summary": {"covered_lines": 10, "num_statements": 19, "percent_covered": 52.63157894736842, "percent_covered_display": "53", "missing_lines": 9, "excluded_lines": 0, "percent_statements_covered": 52.63157894736842, "percent_statements_covered_display": "53"}, "missing_lines": [17, 18, 23, 24, 25, 26, 27, 28, 29], "excluded_lines": [], "start_line": 1}}}, "backend/dependencies.py": {"executed_lines": [5, 6, 7, 9, 11, 12, 13, 14, 17, 21, 34, 41, 45, 54, 62], "summary": {"covered_lines": 15, "num_statements": 34, "percent_covered": 44.11764705882353, "percent_covered_display": "44", "missing_lines": 19, "excluded_lines": 0, "percent_statements_covered": 44.11764705882353, "percent_statements_covered_display": "44"}, "missing_lines": [18, 22, 35, 36, 37, 38, 42, 46, 47, 50, 51, 56, 57, 58, 59, 68, 69, 70, 71], "excluded_lines": [], "functions": {"now_iso": {"executed_lines": [], "summary": {"covered_lines": 0, "num_statements": 1, "percent_covered": 0.0, "percent_covered_display": "0", "missing_lines": 1, "excluded_lines": 0, "percent_statements_covered": 0.0, "percent_statements_covered_display": "0"}, "missing_lines": [18], "excluded_lines": [], "start_line": 17}, "public_user": {"executed_lines": [], "summary": {"covered_lines": 0, "num_statements": 1, "percent_covered": 0.0, "percent_covered_display": "0", "missing_lines": 1, "excluded_lines": 0, "percent_statements_covered": 0.0, "percent_statements_covered_display": "0"}, "missing_lines": [22], "excluded_lines": [], "start_line": 21}, "get_user": {"executed_lines": [], "summary": {"covered_lines": 0, "num_statements": 4, "percent_covered": 0.0, "percent_covered_display": "0", "missing_lines": 4, "excluded_lines": 0, "percent_statements_covered": 0.0, "percent_statements_covered_display": "0"}, "missing_lines": [35, 36, 37, 38], "excluded_lines": [], "start_line": 34}, "get_current_user_doc": {"executed_lines": [], "summary": {"covered_lines": 0, "num_statements": 1, "percent_covered": 0.0, "percent_covered_display": "0", "missing_lines": 1, "excluded_lines": 0, "percent_statements_covered": 0.0, "percent_statements_covered_display": "0"}, "missing_lines": [42], "excluded_lines": [], "start_line": 41}, "usage_for": {"executed_lines": [], "summary": {"covered_lines": 0, "num_statements": 4, "percent_covered": 0.0, "percent_covered_display": "0", "missing_lines": 4, "excluded_lines": 0, "percent_statements_covered": 0.0, "percent_statements_covered_display": "0"}, "missing_lines": [46, 47, 50, 51], "excluded_lines": [], "start_line": 45}, "_invalidate_dashboard_cache": {"executed_lines": [], "summary": {"covered_lines": 0, "num_statements": 4, "percent_covered": 0.0, "percent_covered_display": "0", "missing_lines": 4, "excluded_lines": 0, "percent_statements_covered": 0.0, "percent_statements_covered_display": "0"}, "missing_lines": [56, 57, 58, 59], "excluded_lines": [], "start_line": 54}, "_store_base_url": {"executed_lines": [], "summary": {"covered_lines": 0, "num_statements": 4, "percent_covered": 0.0, "percent_covered_display": "0", "missing_lines": 4, "excluded_lines": 0, "percent_statements_covered": 0.0, "percent_statements_covered_display": "0"}, "missing_lines": [68, 69, 70, 71], "excluded_lines": [], "start_line": 62}, "": {"executed_lines": [5, 6, 7, 9, 11, 12, 13, 14, 17, 21, 34, 41, 45, 54, 62], "summary": {"covered_lines": 15, "num_statements": 15, "percent_covered": 100.0, "percent_covered_display": "100", "missing_lines": 0, "excluded_lines": 0, "percent_statements_covered": 100.0, "percent_statements_covered_display": "100"}, "missing_lines": [], "excluded_lines": [], "start_line": 1}}, "classes": {"": {"executed_lines": [5, 6, 7, 9, 11, 12, 13, 14, 17, 21, 34, 41, 45, 54, 62], "summary": {"covered_lines": 15, "num_statements": 34, "percent_covered": 44.11764705882353, "percent_covered_display": "44", "missing_lines": 19, "excluded_lines": 0, "percent_statements_covered": 44.11764705882353, "percent_statements_covered_display": "44"}, "missing_lines": [18, 22, 35, 36, 37, 38, 42, 46, 47, 50, 51, 56, 57, 58, 59, 68, 69, 70, 71], "excluded_lines": [], "start_line": 1}}}, "backend/email_service.py": {"executed_lines": [7, 8, 9, 10, 12, 15, 16, 19, 21, 22, 24, 25, 26, 28, 29, 30, 31, 32, 33, 34, 35, 36, 39, 40, 64, 65, 89, 93, 94, 95, 96, 97, 98, 99, 101, 103, 104, 105, 106, 107, 115, 162, 203, 243, 245, 278, 284, 285, 286, 287, 288, 289, 316, 356, 397, 438, 471, 504, 546, 591, 626, 651, 678, 707, 742, 797, 831, 865, 891, 950], "summary": {"covered_lines": 70, "num_statements": 118, "percent_covered": 59.32203389830509, "percent_covered_display": "59", "missing_lines": 48, "excluded_lines": 0, "percent_statements_covered": 59.32203389830509, "percent_statements_covered_display": "59"}, "missing_lines": [165, 205, 206, 207, 214, 318, 358, 399, 440, 473, 506, 507, 508, 509, 548, 549, 550, 551, 552, 553, 555, 556, 557, 558, 559, 561, 562, 563, 564, 566, 598, 599, 600, 601, 603, 628, 653, 680, 709, 713, 744, 799, 833, 867, 893, 894, 895, 952], "excluded_lines": [], "functions": {"is_configured": {"executed_lines": [16], "summary": {"covered_lines": 1, "num_statements": 1, "percent_covered": 100.0, "percent_covered_display": "100", "missing_lines": 0, "excluded_lines": 0, "percent_statements_covered": 100.0, "percent_statements_covered_display": "100"}, "missing_lines": [], "excluded_lines": [], "start_line": 15}, "send_html_email": {"executed_lines": [21, 22, 24, 25, 26, 28, 29, 30, 31, 32, 33, 34, 35, 36], "summary": {"covered_lines": 14, "num_statements": 14, "percent_covered": 100.0, "percent_covered_display": "100", "missing_lines": 0, "excluded_lines": 0, "percent_statements_covered": 100.0, "percent_statements_covered_display": "100"}, "missing_lines": [], "excluded_lines": [], "start_line": 19}, "verify_email_html": {"executed_lines": [40], "summary": {"covered_lines": 1, "num_statements": 1, "percent_covered": 100.0, "percent_covered_display": "100", "missing_lines": 0, "excluded_lines": 0, "percent_statements_covered": 100.0, "percent_statements_covered_display": "100"}, "missing_lines": [], "excluded_lines": [], "start_line": 39}, "reset_password_html": {"executed_lines": [65], "summary": {"covered_lines": 1, "num_statements": 1, "percent_covered": 100.0, "percent_covered_display": "100", "missing_lines": 0, "excluded_lines": 0, "percent_statements_covered": 100.0, "percent_statements_covered_display": "100"}, "missing_lines": [], "excluded_lines": [], "start_line": 64}, "audit_digest_html": {"executed_lines": [93, 94, 95, 96, 97, 98, 99, 101, 103, 104, 105, 106, 107, 115], "summary": {"covered_lines": 14, "num_statements": 14, "percent_covered": 100.0, "percent_covered_display": "100", "missing_lines": 0, "excluded_lines": 0, "percent_statements_covered": 100.0, "percent_statements_covered_display": "100"}, "missing_lines": [], "excluded_lines": [], "start_line": 89}, "post_audit_html": {"executed_lines": [], "summary": {"covered_lines": 0, "num_statements": 1, "percent_covered": 0.0, "percent_covered_display": "0", "missing_lines": 1, "excluded_lines": 0, "percent_statements_covered": 0.0, "percent_statements_covered_display": "0"}, "missing_lines": [165], "excluded_lines": [], "start_line": 162}, "weekly_tips_html": {"executed_lines": [], "summary": {"covered_lines": 0, "num_statements": 4, "percent_covered": 0.0, "percent_covered_display": "0", "missing_lines": 4, "excluded_lines": 0, "percent_statements_covered": 0.0, "percent_statements_covered_display": "0"}, "missing_lines": [205, 206, 207, 214], "excluded_lines": [], "start_line": 203}, "referral_invite_html": {"executed_lines": [245], "summary": {"covered_lines": 1, "num_statements": 1, "percent_covered": 100.0, "percent_covered_display": "100", "missing_lines": 0, "excluded_lines": 0, "percent_statements_covered": 100.0, "percent_statements_covered_display": "100"}, "missing_lines": [], "excluded_lines": [], "start_line": 243}, "support_notification_html": {"executed_lines": [284, 285, 286, 287, 288, 289], "summary": {"covered_lines": 6, "num_statements": 6, "percent_covered": 100.0, "percent_covered_display": "100", "missing_lines": 0, "excluded_lines": 0, "percent_statements_covered": 100.0, "percent_statements_covered_display": "100"}, "missing_lines": [], "excluded_lines": [], "start_line": 278}, "onboarding_welcome_html": {"executed_lines": [], "summary": {"covered_lines": 0, "num_statements": 1, "percent_covered": 0.0, "percent_covered_display": "0", "missing_lines": 1, "excluded_lines": 0, "percent_statements_covered": 0.0, "percent_statements_covered_display": "0"}, "missing_lines": [318], "excluded_lines": [], "start_line": 316}, "onboarding_howto_html": {"executed_lines": [], "summary": {"covered_lines": 0, "num_statements": 1, "percent_covered": 0.0, "percent_covered_display": "0", "missing_lines": 1, "excluded_lines": 0, "percent_statements_covered": 0.0, "percent_statements_covered_display": "0"}, "missing_lines": [358], "excluded_lines": [], "start_line": 356}, "onboarding_quickwins_html": {"executed_lines": [], "summary": {"covered_lines": 0, "num_statements": 1, "percent_covered": 0.0, "percent_covered_display": "0", "missing_lines": 1, "excluded_lines": 0, "percent_statements_covered": 0.0, "percent_statements_covered_display": "0"}, "missing_lines": [399], "excluded_lines": [], "start_line": 397}, "onboarding_competitors_html": {"executed_lines": [], "summary": {"covered_lines": 0, "num_statements": 1, "percent_covered": 0.0, "percent_covered_display": "0", "missing_lines": 1, "excluded_lines": 0, "percent_statements_covered": 0.0, "percent_statements_covered_display": "0"}, "missing_lines": [440], "excluded_lines": [], "start_line": 438}, "onboarding_upgrade_html": {"executed_lines": [], "summary": {"covered_lines": 0, "num_statements": 1, "percent_covered": 0.0, "percent_covered_display": "0", "missing_lines": 1, "excluded_lines": 0, "percent_statements_covered": 0.0, "percent_statements_covered_display": "0"}, "missing_lines": [473], "excluded_lines": [], "start_line": 471}, "rank_change_html": {"executed_lines": [], "summary": {"covered_lines": 0, "num_statements": 4, "percent_covered": 0.0, "percent_covered_display": "0", "missing_lines": 4, "excluded_lines": 0, "percent_statements_covered": 0.0, "percent_statements_covered_display": "0"}, "missing_lines": [506, 507, 508, 509], "excluded_lines": [], "start_line": 504}, "weekly_digest_html": {"executed_lines": [], "summary": {"covered_lines": 0, "num_statements": 16, "percent_covered": 0.0, "percent_covered_display": "0", "missing_lines": 16, "excluded_lines": 0, "percent_statements_covered": 0.0, "percent_statements_covered_display": "0"}, "missing_lines": [548, 549, 550, 551, 552, 553, 555, 556, 557, 558, 559, 561, 562, 563, 564, 566], "excluded_lines": [], "start_line": 546}, "keyword_rank_change_html": {"executed_lines": [], "summary": {"covered_lines": 0, "num_statements": 5, "percent_covered": 0.0, "percent_covered_display": "0", "missing_lines": 5, "excluded_lines": 0, "percent_statements_covered": 0.0, "percent_statements_covered_display": "0"}, "missing_lines": [598, 599, 600, 601, 603], "excluded_lines": [], "start_line": 591}, "competitor_alert_html": {"executed_lines": [], "summary": {"covered_lines": 0, "num_statements": 1, "percent_covered": 0.0, "percent_covered_display": "0", "missing_lines": 1, "excluded_lines": 0, "percent_statements_covered": 0.0, "percent_statements_covered_display": "0"}, "missing_lines": [628], "excluded_lines": [], "start_line": 626}, "audit_reminder_html": {"executed_lines": [], "summary": {"covered_lines": 0, "num_statements": 1, "percent_covered": 0.0, "percent_covered_display": "0", "missing_lines": 1, "excluded_lines": 0, "percent_statements_covered": 0.0, "percent_statements_covered_display": "0"}, "missing_lines": [653], "excluded_lines": [], "start_line": 651}, "nurture_email_1_html": {"executed_lines": [], "summary": {"covered_lines": 0, "num_statements": 1, "percent_covered": 0.0, "percent_covered_display": "0", "missing_lines": 1, "excluded_lines": 0, "percent_statements_covered": 0.0, "percent_statements_covered_display": "0"}, "missing_lines": [680], "excluded_lines": [], "start_line": 678}, "nurture_email_2_html": {"executed_lines": [], "summary": {"covered_lines": 0, "num_statements": 2, "percent_covered": 0.0, "percent_covered_display": "0", "missing_lines": 2, "excluded_lines": 0, "percent_statements_covered": 0.0, "percent_statements_covered_display": "0"}, "missing_lines": [709, 713], "excluded_lines": [], "start_line": 707}, "nurture_email_3_html": {"executed_lines": [], "summary": {"covered_lines": 0, "num_statements": 1, "percent_covered": 0.0, "percent_covered_display": "0", "missing_lines": 1, "excluded_lines": 0, "percent_statements_covered": 0.0, "percent_statements_covered_display": "0"}, "missing_lines": [744], "excluded_lines": [], "start_line": 742}, "trial_ending_html": {"executed_lines": [], "summary": {"covered_lines": 0, "num_statements": 1, "percent_covered": 0.0, "percent_covered_display": "0", "missing_lines": 1, "excluded_lines": 0, "percent_statements_covered": 0.0, "percent_statements_covered_display": "0"}, "missing_lines": [799], "excluded_lines": [], "start_line": 797}, "trial_expired_html": {"executed_lines": [], "summary": {"covered_lines": 0, "num_statements": 1, "percent_covered": 0.0, "percent_covered_display": "0", "missing_lines": 1, "excluded_lines": 0, "percent_statements_covered": 0.0, "percent_statements_covered_display": "0"}, "missing_lines": [833], "excluded_lines": [], "start_line": 831}, "payment_failed_html": {"executed_lines": [], "summary": {"covered_lines": 0, "num_statements": 1, "percent_covered": 0.0, "percent_covered_display": "0", "missing_lines": 1, "excluded_lines": 0, "percent_statements_covered": 0.0, "percent_statements_covered_display": "0"}, "missing_lines": [867], "excluded_lines": [], "start_line": 865}, "monthly_roi_html": {"executed_lines": [], "summary": {"covered_lines": 0, "num_statements": 3, "percent_covered": 0.0, "percent_covered_display": "0", "missing_lines": 3, "excluded_lines": 0, "percent_statements_covered": 0.0, "percent_statements_covered_display": "0"}, "missing_lines": [893, 894, 895], "excluded_lines": [], "start_line": 891}, "reengagement_html": {"executed_lines": [], "summary": {"covered_lines": 0, "num_statements": 1, "percent_covered": 0.0, "percent_covered_display": "0", "missing_lines": 1, "excluded_lines": 0, "percent_statements_covered": 0.0, "percent_statements_covered_display": "0"}, "missing_lines": [952], "excluded_lines": [], "start_line": 950}, "": {"executed_lines": [7, 8, 9, 10, 12, 15, 19, 39, 64, 89, 162, 203, 243, 278, 316, 356, 397, 438, 471, 504, 546, 591, 626, 651, 678, 707, 742, 797, 831, 865, 891, 950], "summary": {"covered_lines": 32, "num_statements": 32, "percent_covered": 100.0, "percent_covered_display": "100", "missing_lines": 0, "excluded_lines": 0, "percent_statements_covered": 100.0, "percent_statements_covered_display": "100"}, "missing_lines": [], "excluded_lines": [], "start_line": 1}}, "classes": {"": {"executed_lines": [7, 8, 9, 10, 12, 15, 16, 19, 21, 22, 24, 25, 26, 28, 29, 30, 31, 32, 33, 34, 35, 36, 39, 40, 64, 65, 89, 93, 94, 95, 96, 97, 98, 99, 101, 103, 104, 105, 106, 107, 115, 162, 203, 243, 245, 278, 284, 285, 286, 287, 288, 289, 316, 356, 397, 438, 471, 504, 546, 591, 626, 651, 678, 707, 742, 797, 831, 865, 891, 950], "summary": {"covered_lines": 70, "num_statements": 118, "percent_covered": 59.32203389830509, "percent_covered_display": "59", "missing_lines": 48, "excluded_lines": 0, "percent_statements_covered": 59.32203389830509, "percent_statements_covered_display": "59"}, "missing_lines": [165, 205, 206, 207, 214, 318, 358, 399, 440, 473, 506, 507, 508, 509, 548, 549, 550, 551, 552, 553, 555, 556, 557, 558, 559, 561, 562, 563, 564, 566, 598, 599, 600, 601, 603, 628, 653, 680, 709, 713, 744, 799, 833, 867, 893, 894, 895, 952], "excluded_lines": [], "start_line": 1}}}, "backend/evals/__init__.py": {"executed_lines": [6, 7, 8, 9, 10, 12, 15, 16, 20, 21, 23, 24, 27, 30, 31, 32, 33, 34, 35, 36, 37, 39, 40, 41, 42, 43, 45, 46, 47, 48, 49, 51, 52, 58, 59, 60, 61, 62, 65, 80, 82, 83, 84, 85, 86, 87, 88, 90, 93, 94, 95, 96, 97, 100, 101, 102, 103, 106, 109, 110, 111, 112, 113, 114, 117, 120, 121, 122, 123, 124, 125, 126, 127, 128, 129, 130, 132, 133, 135, 136, 137, 139, 144, 146, 147, 148, 149, 150, 151, 154, 156, 157, 158, 159, 160, 161, 162, 163, 164, 165, 168, 170, 171, 172, 173, 174, 175], "summary": {"covered_lines": 107, "num_statements": 107, "percent_covered": 100.0, "percent_covered_display": "100", "missing_lines": 0, "excluded_lines": 0, "percent_statements_covered": 100.0, "percent_statements_covered_display": "100"}, "missing_lines": [], "excluded_lines": [], "functions": {"EvalResult.__init__": {"executed_lines": [31, 32, 33, 34, 35, 36, 37], "summary": {"covered_lines": 7, "num_statements": 7, "percent_covered": 100.0, "percent_covered_display": "100", "missing_lines": 0, "excluded_lines": 0, "percent_statements_covered": 100.0, "percent_statements_covered_display": "100"}, "missing_lines": [], "excluded_lines": [], "start_line": 30}, "EvalResult.pass_rate": {"executed_lines": [41, 42, 43], "summary": {"covered_lines": 3, "num_statements": 3, "percent_covered": 100.0, "percent_covered_display": "100", "missing_lines": 0, "excluded_lines": 0, "percent_statements_covered": 100.0, "percent_statements_covered_display": "100"}, "missing_lines": [], "excluded_lines": [], "start_line": 40}, "EvalResult.avg_latency_ms": {"executed_lines": [47, 48, 49], "summary": {"covered_lines": 3, "num_statements": 3, "percent_covered": 100.0, "percent_covered_display": "100", "missing_lines": 0, "excluded_lines": 0, "percent_statements_covered": 100.0, "percent_statements_covered_display": "100"}, "missing_lines": [], "excluded_lines": [], "start_line": 46}, "EvalResult.summary": {"executed_lines": [52, 58, 59, 60, 61, 62], "summary": {"covered_lines": 6, "num_statements": 6, "percent_covered": 100.0, "percent_covered_display": "100", "missing_lines": 0, "excluded_lines": 0, "percent_statements_covered": 100.0, "percent_statements_covered_display": "100"}, "missing_lines": [], "excluded_lines": [], "start_line": 51}, "run_eval": {"executed_lines": [80, 82, 83, 84, 85, 86, 87, 88, 90, 93, 94, 95, 96, 97, 100, 101, 102, 103, 106, 109, 110, 111, 112, 113, 114, 117, 120, 121, 122, 123, 124, 125, 126, 127, 128, 129, 130, 132, 133, 135, 136, 137, 139], "summary": {"covered_lines": 43, "num_statements": 43, "percent_covered": 100.0, "percent_covered_display": "100", "missing_lines": 0, "excluded_lines": 0, "percent_statements_covered": 100.0, "percent_statements_covered_display": "100"}, "missing_lines": [], "excluded_lines": [], "start_line": 65}, "has_min_items": {"executed_lines": [146, 151], "summary": {"covered_lines": 2, "num_statements": 2, "percent_covered": 100.0, "percent_covered_display": "100", "missing_lines": 0, "excluded_lines": 0, "percent_statements_covered": 100.0, "percent_statements_covered_display": "100"}, "missing_lines": [], "excluded_lines": [], "start_line": 144}, "has_min_items.check": {"executed_lines": [147, 148, 149, 150], "summary": {"covered_lines": 4, "num_statements": 4, "percent_covered": 100.0, "percent_covered_display": "100", "missing_lines": 0, "excluded_lines": 0, "percent_statements_covered": 100.0, "percent_statements_covered_display": "100"}, "missing_lines": [], "excluded_lines": [], "start_line": 146}, "has_valid_score": {"executed_lines": [156, 165], "summary": {"covered_lines": 2, "num_statements": 2, "percent_covered": 100.0, "percent_covered_display": "100", "missing_lines": 0, "excluded_lines": 0, "percent_statements_covered": 100.0, "percent_statements_covered_display": "100"}, "missing_lines": [], "excluded_lines": [], "start_line": 154}, "has_valid_score.check": {"executed_lines": [157, 158, 159, 160, 161, 162, 163, 164], "summary": {"covered_lines": 8, "num_statements": 8, "percent_covered": 100.0, "percent_covered_display": "100", "missing_lines": 0, "excluded_lines": 0, "percent_statements_covered": 100.0, "percent_statements_covered_display": "100"}, "missing_lines": [], "excluded_lines": [], "start_line": 156}, "has_non_empty_string": {"executed_lines": [170, 175], "summary": {"covered_lines": 2, "num_statements": 2, "percent_covered": 100.0, "percent_covered_display": "100", "missing_lines": 0, "excluded_lines": 0, "percent_statements_covered": 100.0, "percent_statements_covered_display": "100"}, "missing_lines": [], "excluded_lines": [], "start_line": 168}, "has_non_empty_string.check": {"executed_lines": [171, 172, 173, 174], "summary": {"covered_lines": 4, "num_statements": 4, "percent_covered": 100.0, "percent_covered_display": "100", "missing_lines": 0, "excluded_lines": 0, "percent_statements_covered": 100.0, "percent_statements_covered_display": "100"}, "missing_lines": [], "excluded_lines": [], "start_line": 170}, "": {"executed_lines": [6, 7, 8, 9, 10, 12, 15, 16, 20, 21, 23, 24, 27, 30, 39, 40, 45, 46, 51, 65, 144, 154, 168], "summary": {"covered_lines": 23, "num_statements": 23, "percent_covered": 100.0, "percent_covered_display": "100", "missing_lines": 0, "excluded_lines": 0, "percent_statements_covered": 100.0, "percent_statements_covered_display": "100"}, "missing_lines": [], "excluded_lines": [], "start_line": 1}}, "classes": {"EvalCase": {"executed_lines": [], "summary": {"covered_lines": 0, "num_statements": 0, "percent_covered": 100.0, "percent_covered_display": "100", "missing_lines": 0, "excluded_lines": 0, "percent_statements_covered": 100.0, "percent_statements_covered_display": "100"}, "missing_lines": [], "excluded_lines": [], "start_line": 16}, "EvalResult": {"executed_lines": [31, 32, 33, 34, 35, 36, 37, 41, 42, 43, 47, 48, 49, 52, 58, 59, 60, 61, 62], "summary": {"covered_lines": 19, "num_statements": 19, "percent_covered": 100.0, "percent_covered_display": "100", "missing_lines": 0, "excluded_lines": 0, "percent_statements_covered": 100.0, "percent_statements_covered_display": "100"}, "missing_lines": [], "excluded_lines": [], "start_line": 27}, "": {"executed_lines": [6, 7, 8, 9, 10, 12, 15, 16, 20, 21, 23, 24, 27, 30, 39, 40, 45, 46, 51, 65, 80, 82, 83, 84, 85, 86, 87, 88, 90, 93, 94, 95, 96, 97, 100, 101, 102, 103, 106, 109, 110, 111, 112, 113, 114, 117, 120, 121, 122, 123, 124, 125, 126, 127, 128, 129, 130, 132, 133, 135, 136, 137, 139, 144, 146, 147, 148, 149, 150, 151, 154, 156, 157, 158, 159, 160, 161, 162, 163, 164, 165, 168, 170, 171, 172, 173, 174, 175], "summary": {"covered_lines": 88, "num_statements": 88, "percent_covered": 100.0, "percent_covered_display": "100", "missing_lines": 0, "excluded_lines": 0, "percent_statements_covered": 100.0, "percent_statements_covered_display": "100"}, "missing_lines": [], "excluded_lines": [], "start_line": 1}}}, "backend/features.py": {"executed_lines": [13, 14, 18, 97, 104, 105, 106, 108, 109, 110, 111, 112, 113, 114, 116, 119, 121, 124, 126, 127, 128, 129], "summary": {"covered_lines": 22, "num_statements": 22, "percent_covered": 100.0, "percent_covered_display": "100", "missing_lines": 0, "excluded_lines": 0, "percent_statements_covered": 100.0, "percent_statements_covered_display": "100"}, "missing_lines": [], "excluded_lines": [], "functions": {"is_enabled": {"executed_lines": [104, 105, 106, 108, 109, 110, 111, 112, 113, 114, 116], "summary": {"covered_lines": 11, "num_statements": 11, "percent_covered": 100.0, "percent_covered_display": "100", "missing_lines": 0, "excluded_lines": 0, "percent_statements_covered": 100.0, "percent_statements_covered_display": "100"}, "missing_lines": [], "excluded_lines": [], "start_line": 97}, "get_all_flags": {"executed_lines": [121], "summary": {"covered_lines": 1, "num_statements": 1, "percent_covered": 100.0, "percent_covered_display": "100", "missing_lines": 0, "excluded_lines": 0, "percent_statements_covered": 100.0, "percent_statements_covered_display": "100"}, "missing_lines": [], "excluded_lines": [], "start_line": 119}, "get_flag_info": {"executed_lines": [126, 127, 128, 129], "s
[...]
, 614, 615, 616, 619, 620, 621, 622, 623, 624, 625, 626, 627, 628, 631, 632, 633, 634, 635, 636, 637, 643, 645, 648, 649, 650, 651, 652, 653, 654, 659, 662, 663, 664, 665, 666, 667, 668, 671, 672, 684, 695, 697, 698, 703, 704, 708, 710, 713, 714, 715, 716, 718, 719, 720, 803, 804, 805, 806, 807, 808, 809, 811, 812, 813, 819, 820, 821, 824, 825, 826, 827, 828, 829, 832, 833, 848, 849, 866, 867, 868, 869, 870, 871, 874, 875, 877, 878, 879, 968, 971, 974, 976, 977, 980, 983, 986, 987, 988, 989, 990, 991, 995, 996, 997, 998, 1001, 1002, 1003, 1004, 1005, 1006, 1010, 1011, 1012, 1013, 1016, 1017, 1019, 1020, 1021, 1022, 1026, 1027, 1028, 1029, 1032, 1034, 1037, 1038, 1039, 1063, 1064, 1065, 1066, 1067, 1068, 1071, 1072, 1073, 1074, 1075, 1076, 1079, 1080, 1081, 1082, 1083, 1086, 1087, 1088, 1089, 1090, 1091, 1092, 1095, 1096, 1097, 1117, 1118, 1119, 1139, 1140, 1141, 1160, 1161, 1162, 1183, 1184, 1185, 1186, 1187, 1188, 1191, 1192, 1193, 1194, 1195, 1196, 1199, 1200, 1201, 1221, 1222, 1223, 1247, 1248, 1249, 1250, 1251, 1252, 1253, 1256, 1257, 1258, 1259, 1260, 1261, 1262, 1265, 1266, 1267, 1268, 1269, 1272, 1273, 1274, 1295, 1296, 1297, 1318, 1319, 1320, 1339, 1340, 1343, 1344, 1345, 1401, 1402, 1403, 1404, 1405, 1406, 1407, 1408, 1411, 1412, 1413, 1414, 1415, 1416, 1419, 1420, 1421, 1422, 1423, 1424, 1425, 1426, 1429, 1430, 1431, 1453, 1454, 1455, 1475, 1476, 1477, 1499, 1500, 1508, 1509, 1511, 1514, 1515, 1516, 1519, 1520, 1521, 1522, 1528, 1529, 1530, 1531, 1532, 1533, 1534, 1535, 1536, 1537, 1538, 1544, 1545, 1546, 1547, 1548, 1549, 1550, 1551, 1554, 1555, 1556, 1559, 1560, 1561, 1565, 1566, 1567, 1568, 1569, 1576, 1585, 1586, 1588, 1589, 1590, 1592, 1593, 1595, 1603, 1604, 1605, 1607, 1608, 1609, 1615, 1616, 1618, 1623, 1625, 1627, 1633, 1634, 1636, 1640, 1643, 1644, 1646, 1650, 1656, 1661, 1662, 1663, 1666, 1667, 1668, 1669, 1670, 1673, 1676, 1677, 1678, 1679, 1680, 1681, 1682, 1683, 1690, 1691, 1692, 1694, 1708, 1709, 1712, 1713, 1714, 1715, 1716, 1718, 1719, 1720, 1723, 1724, 1729, 1730, 1731, 1732, 1734, 1739, 1741, 1742, 1743, 1744, 1745, 1748, 1749, 1750, 1752, 1753, 1754, 1755, 1756, 1761, 1772, 1776, 1777, 1778, 1779, 1780, 1784, 1785, 1786, 1788, 1789, 1794, 1795, 1796, 1801, 1802, 1803, 1804, 1807, 1808, 1809, 1810, 1811, 1812, 1813, 1814, 1815, 1816, 1817, 1818, 1820, 1821, 1825, 1826, 1828, 1829, 1830, 1834, 1835, 1836, 1837, 1838, 1839, 1840, 1841, 1842, 1843, 1844, 1845, 1847, 1848, 1853, 1855, 1868, 1878, 1884, 1885, 1886, 1887, 1889, 1890, 1891, 1892, 1893, 1894, 1895, 1896, 1903, 1904, 1905, 1911, 1914, 1917, 1918, 1919, 1920, 1922, 1923, 1924, 1925, 1937, 1938, 1939, 1942, 1943, 1944, 1945, 1946, 1947, 1948, 1954, 1958, 1959, 1960, 1961, 1962, 1963, 1964, 1965, 1966, 1967, 1969, 1970, 1971, 1972, 1973, 1977, 1978, 1984, 1985, 1986, 1987, 1993, 1994, 1995, 1996, 1997, 1998, 1999, 2000, 2001, 2002, 2003, 2004, 2005, 2006, 2007, 2008, 2009, 2012, 2013, 2014, 2015, 2016, 2017, 2020, 2021, 2022, 2023, 2027, 2028, 2029, 2030, 2032, 2033, 2034, 2035, 2036, 2037, 2045, 2046, 2047, 2050, 2051, 2052, 2053, 2054, 2055, 2056, 2057, 2058, 2062, 2065, 2066, 2067, 2068, 2069, 2070, 2071, 2072, 2073, 2076, 2077, 2078, 2081, 2087, 2088, 2089, 2090, 2091, 2092, 2093, 2096, 2097, 2098, 2099, 2101, 2102, 2109, 2110, 2111, 2113, 2121, 2122, 2123, 2126, 2127, 2128, 2131, 2137, 2138, 2139, 2142, 2144, 2145, 2146, 2150, 2152, 2155, 2157, 2160, 2162, 2171, 2172, 2173, 2174, 2175, 2176, 2177, 2178, 2179, 2181, 2193, 2196, 2199, 2200, 2201, 2202, 2203, 2204, 2205, 2208, 2211, 2212, 2213, 2214, 2217, 2220, 2224, 2225, 2226, 2229, 2230, 2231, 2232, 2234, 2235, 2236, 2237, 2248, 2249, 2250, 2252, 2263, 2264, 2265, 2268, 2269, 2270, 2271, 2272, 2273, 2281, 2282, 2283, 2284, 2288, 2291, 2292, 2293, 2294, 2295, 2296, 2302, 2303, 2304, 2305, 2308, 2309, 2310, 2311, 2313, 2314, 2320, 2321, 2323, 2324, 2325, 2326, 2327, 2328, 2329, 2330, 2331, 2332, 2333, 2336, 2337, 2338, 2339, 2340, 2342, 2343, 2347, 2356, 2357, 2362, 2363, 2364, 2367, 2368, 2369, 2370, 2373, 2374, 2375, 2377, 2378, 2384, 2388, 2389, 2390, 2391, 2393, 2394, 2403, 2409, 2410, 2411, 2412, 2413, 2414, 2415, 2418, 2419, 2420, 2423, 2429, 2430, 2431, 2433, 2436, 2437, 2438, 2439, 2441, 2449, 2450, 2455, 2467, 2473, 2475, 2477, 2480, 2481, 2496, 2497, 2502, 2503, 2511, 2514, 2517, 2518, 2531, 2532, 2551, 2552, 2553, 2555, 2556, 2557, 2559, 2561, 2562, 2564, 2565, 2567, 2575, 2578, 2579, 2580, 2581, 2590, 2593, 2596, 2599, 2602, 2605, 2606, 2609, 2610, 2613, 2617, 2619, 2621, 2623, 2627, 2628, 2629, 2630, 2631, 2632, 2633, 2634, 2635, 2636, 2637, 2638, 2639, 2640, 2641, 2642, 2643, 2644, 2645, 2647, 2648, 2649, 2651, 2652, 2653, 2654, 2655, 2657, 2658, 2660, 2661, 2663, 2664, 2665, 2675, 2676, 2677, 2678, 2683, 2684, 2685, 2686, 2698, 2702, 2705, 2706, 2707, 2708, 2713, 2714, 2715, 2716, 2717, 2721, 2722, 2726, 2728, 2731, 2732, 2733, 2734, 2735, 2736, 2739, 2743, 2746, 2752, 2753, 2756, 2757, 2758, 2761, 2762, 2763, 2764], "summary": {"covered_lines": 1078, "num_statements": 1427, "percent_covered": 75.54309740714787, "percent_covered_display": "76", "missing_lines": 349, "excluded_lines": 0, "percent_statements_covered": 75.54309740714787, "percent_statements_covered_display": "76"}, "missing_lines": [71, 72, 73, 74, 75, 76, 78, 79, 80, 153, 154, 155, 156, 164, 303, 325, 326, 343, 344, 345, 346, 347, 352, 353, 373, 374, 375, 376, 377, 378, 379, 382, 383, 384, 386, 392, 393, 394, 396, 397, 400, 401, 402, 414, 415, 418, 419, 423, 424, 426, 427, 428, 430, 431, 432, 433, 434, 435, 436, 470, 478, 479, 673, 674, 675, 676, 681, 682, 717, 721, 723, 724, 725, 726, 727, 728, 729, 730, 731, 734, 735, 736, 737, 738, 739, 740, 745, 746, 749, 750, 751, 752, 753, 754, 755, 762, 763, 764, 767, 768, 769, 770, 771, 774, 775, 776, 777, 779, 780, 787, 788, 790, 835, 836, 837, 839, 840, 841, 842, 844, 845, 851, 852, 853, 855, 881, 882, 885, 894, 895, 901, 902, 905, 906, 908, 909, 910, 912, 913, 914, 917, 920, 921, 922, 923, 924, 925, 926, 927, 932, 936, 937, 939, 1040, 1041, 1042, 1043, 1044, 1045, 1046, 1047, 1048, 1049, 1051, 1052, 1053, 1054, 1055, 1056, 1099, 1100, 1107, 1111, 1112, 1113, 1114, 1121, 1122, 1129, 1133, 1134, 1135, 1136, 1143, 1144, 1150, 1154, 1155, 1156, 1157, 1164, 1165, 1173, 1177, 1178, 1179, 1180, 1203, 1204, 1211, 1215, 1216, 1217, 1218, 1225, 1226, 1233, 1237, 1238, 1239, 1240, 1276, 1277, 1285, 1289, 1290, 1291, 1292, 1299, 1300, 1308, 1312, 1313, 1314, 1315, 1322, 1323, 1329, 1333, 1334, 1335, 1336, 1348, 1349, 1351, 1352, 1353, 1356, 1357, 1358, 1362, 1363, 1364, 1365, 1366, 1367, 1370, 1371, 1372, 1373, 1375, 1377, 1378, 1381, 1382, 1384, 1385, 1391, 1392, 1393, 1394, 1433, 1434, 1443, 1447, 1448, 1449, 1450, 1457, 1458, 1465, 1469, 1470, 1471, 1472, 1479, 1480, 1489, 1493, 1494, 1495, 1496, 1502, 1573, 1574, 1606, 1831, 1832, 1846, 1857, 1858, 1859, 1863, 1864, 1866, 1870, 1871, 1872, 1876, 1888, 1921, 2031, 2100, 2233, 2312, 2341, 2358, 2359, 2360, 2361, 2376, 2392, 2440, 2451, 2452, 2483, 2484, 2491, 2492, 2493, 2499, 2505, 2506, 2507, 2508, 2520, 2521, 2527, 2528, 2534, 2566, 2614, 2615, 2616, 2618, 2620, 2622, 2624, 2673, 2679, 2681, 2682, 2709, 2710, 2718, 2719, 2723, 2724, 2754], "excluded_lines": [], "start_line": 1}}}, "backend/services/__init__.py": {"executed_lines": [], "summary": {"covered_lines": 0, "num_statements": 0, "percent_covered": 100.0, "percent_covered_display": "100", "missing_lines": 0, "excluded_lines": 0, "percent_statements_covered": 100.0, "percent_statements_covered_display": "100"}, "missing_lines": [], "excluded_lines": [], "functions": {"": {"executed_lines": [], "summary": {"covered_lines": 0, "num_statements": 0, "percent_covered": 100.0, "percent_covered_display": "100", "missing_lines": 0, "excluded_lines": 0, "percent_statements_covered": 100.0, "percent_statements_covered_display": "100"}, "missing_lines": [], "excluded_lines": [], "start_line": 1}}, "classes": {"": {"executed_lines": [], "summary": {"covered_lines": 0, "num_statements": 0, "percent_covered": 100.0, "percent_covered_display": "100", "missing_lines": 0, "excluded_lines": 0, "percent_statements_covered": 100.0, "percent_statements_covered_display": "100"}, "missing_lines": [], "excluded_lines": [], "start_line": 1}}}, "backend/social_fetcher.py": {"executed_lines": [7, 8, 9, 10, 13, 19, 21, 23, 24, 25, 28, 30, 31, 34, 36, 37, 38, 40, 41, 42, 43, 44, 46, 48, 50, 51, 52, 53, 55, 56, 57, 58, 59, 60, 61, 64, 66, 67, 69, 70, 71, 72, 74, 75], "summary": {"covered_lines": 44, "num_statements": 44, "percent_covered": 100.0, "percent_covered_display": "100", "missing_lines": 0, "excluded_lines": 0, "percent_statements_covered": 100.0, "percent_statements_covered_display": "100"}, "missing_lines": [], "excluded_lines": [], "functions": {"_strip_handle": {"executed_lines": [21, 23, 24, 25], "summary": {"covered_lines": 4, "num_statements": 4, "percent_covered": 100.0, "percent_covered_display": "100", "missing_lines": 0, "excluded_lines": 0, "percent_statements_covered": 100.0, "percent_statements_covered_display": "100"}, "missing_lines": [], "excluded_lines": [], "start_line": 19}, "_parse_followers": {"executed_lines": [30, 31], "summary": {"covered_lines": 2, "num_statements": 2, "percent_covered": 100.0, "percent_covered_display": "100", "missing_lines": 0, "excluded_lines": 0, "percent_statements_covered": 100.0, "percent_statements_covered_display": "100"}, "missing_lines": [], "excluded_lines": [], "start_line": 28}, "fetch_profile_signals": {"executed_lines": [36, 37, 38, 40, 41, 42, 43, 44, 46, 48, 50, 51, 52, 53, 55, 56, 57, 58, 59, 60, 61, 64, 66, 67, 69, 70, 71, 72, 74, 75], "summary": {"covered_lines": 30, "num_statements": 30, "percent_covered": 100.0, "percent_covered_display": "100", "missing_lines": 0, "excluded_lines": 0, "percent_statements_covered": 100.0, "percent_statements_covered_display": "100"}, "missing_lines": [], "excluded_lines": [], "start_line": 34}, "": {"executed_lines": [7, 8, 9, 10, 13, 19, 28, 34], "summary": {"covered_lines": 8, "num_statements": 8, "percent_covered": 100.0, "percent_covered_display": "100", "missing_lines": 0, "excluded_lines": 0, "percent_statements_covered": 100.0, "percent_statements_covered_display": "100"}, "missing_lines": [], "excluded_lines": [], "start_line": 1}}, "classes": {"": {"executed_lines": [7, 8, 9, 10, 13, 19, 21, 23, 24, 25, 28, 30, 31, 34, 36, 37, 38, 40, 41, 42, 43, 44, 46, 48, 50, 51, 52, 53, 55, 56, 57, 58, 59, 60, 61, 64, 66, 67, 69, 70, 71, 72, 74, 75], "summary": {"covered_lines": 44, "num_statements": 44, "percent_covered": 100.0, "percent_covered_display": "100", "missing_lines": 0, "excluded_lines": 0, "percent_statements_covered": 100.0, "percent_statements_covered_display": "100"}, "missing_lines": [], "excluded_lines": [], "start_line": 1}}}, "backend/social_service.py": {"executed_lines": [2, 3, 6, 13, 51, 63, 65, 66, 67, 74, 108, 111, 120, 121, 151, 154, 161, 162, 186], "summary": {"covered_lines": 19, "num_statements": 19, "percent_covered": 100.0, "percent_covered_display": "100", "missing_lines": 0, "excluded_lines": 0, "percent_statements_covered": 100.0, "percent_statements_covered_display": "100"}, "missing_lines": [], "excluded_lines": [], "functions": {"audit_profile": {"executed_lines": [63, 65, 66, 67, 74, 108], "summary": {"covered_lines": 6, "num_statements": 6, "percent_covered": 100.0, "percent_covered_display": "100", "missing_lines": 0, "excluded_lines": 0, "percent_statements_covered": 100.0, "percent_statements_covered_display": "100"}, "missing_lines": [], "excluded_lines": [], "start_line": 51}, "suggestions": {"executed_lines": [120, 121, 151], "summary": {"covered_lines": 3, "num_statements": 3, "percent_covered": 100.0, "percent_covered_display": "100", "missing_lines": 0, "excluded_lines": 0, "percent_statements_covered": 100.0, "percent_statements_covered_display": "100"}, "missing_lines": [], "excluded_lines": [], "start_line": 111}, "compare_competitors": {"executed_lines": [161, 162, 186], "summary": {"covered_lines": 3, "num_statements": 3, "percent_covered": 100.0, "percent_covered_display": "100", "missing_lines": 0, "excluded_lines": 0, "percent_statements_covered": 100.0, "percent_statements_covered_display": "100"}, "missing_lines": [], "excluded_lines": [], "start_line": 154}, "": {"executed_lines": [2, 3, 6, 13, 51, 111, 154], "summary": {"covered_lines": 7, "num_statements": 7, "percent_covered": 100.0, "percent_covered_display": "100", "missing_lines": 0, "excluded_lines": 0, "percent_statements_covered": 100.0, "percent_statements_covered_display": "100"}, "missing_lines": [], "excluded_lines": [], "start_line": 1}}, "classes": {"": {"executed_lines": [2, 3, 6, 13, 51, 63, 65, 66, 67, 74, 108, 111, 120, 121, 151, 154, 161, 162, 186], "summary": {"covered_lines": 19, "num_statements": 19, "percent_covered": 100.0, "percent_covered_display": "100", "missing_lines": 0, "excluded_lines": 0, "percent_statements_covered": 100.0, "percent_statements_covered_display": "100"}, "missing_lines": [], "excluded_lines": [], "start_line": 1}}}, "backend/validators.py": {"executed_lines": [2, 3, 4, 5, 8, 10, 11, 12, 13, 14, 15, 16, 18, 19, 20, 21, 22, 25, 32, 34, 35, 37, 38, 40, 41, 43, 44, 48, 49, 50, 53, 62, 65, 67, 68, 69, 70, 71, 72, 73, 74, 77, 79, 80, 81, 83, 85, 86, 87, 88, 91, 93, 94, 95], "summary": {"covered_lines": 54, "num_statements": 64, "percent_covered": 84.375, "percent_covered_display": "84", "missing_lines": 10, "excluded_lines": 0, "percent_statements_covered": 84.375, "percent_statements_covered_display": "84"}, "missing_lines": [17, 33, 36, 39, 42, 45, 47, 51, 52, 61], "excluded_lines": [], "functions": {"validate_url": {"executed_lines": [10, 11, 12, 13, 14, 15, 16, 18, 19, 20, 21, 22], "summary": {"covered_lines": 12, "num_statements": 13, "percent_covered": 92.3076923076923, "percent_covered_display": "92", "missing_lines": 1, "excluded_lines": 0, "percent_statements_covered": 92.3076923076923, "percent_statements_covered_display": "92"}, "missing_lines": [17], "excluded_lines": [], "start_line": 8}, "is_public_url": {"executed_lines": [32, 34, 35, 37, 38, 40, 41, 43, 44, 48, 49, 50, 53, 62], "summary": {"covered_lines": 14, "num_statements": 23, "percent_covered": 60.869565217391305, "percent_covered_display": "61", "missing_lines": 9, "excluded_lines": 0, "percent_statements_covered": 60.869565217391305, "percent_statements_covered_display": "61"}, "missing_lines": [33, 36, 39, 42, 45, 47, 51, 52, 61], "excluded_lines": [], "start_line": 25}, "validate_email": {"executed_lines": [67, 68, 69, 70, 71, 72, 73, 74], "summary": {"covered_lines": 8, "num_statements": 8, "percent_covered": 100.0, "percent_covered_display": "100", "missing_lines": 0, "excluded_lines": 0, "percent_statements_covered": 100.0, "percent_statements_covered_display": "100"}, "missing_lines": [], "excluded_lines": [], "start_line": 65}, "validate_domain": {"executed_lines": [79, 80, 81, 83, 85, 86, 87, 88], "summary": {"covered_lines": 8, "num_statements": 8, "percent_covered": 100.0, "percent_covered_display": "100", "missing_lines": 0, "excluded_lines": 0, "percent_statements_covered": 100.0, "percent_statements_covered_display": "100"}, "missing_lines": [], "excluded_lines": [], "start_line": 77}, "truncate": {"executed_lines": [93, 94, 95], "summary": {"covered_lines": 3, "num_statements": 3, "percent_covered": 100.0, "percent_covered_display": "100", "missing_lines": 0, "excluded_lines": 0, "percent_statements_covered": 100.0, "percent_statements_covered_display": "100"}, "missing_lines": [], "excluded_lines": [], "start_line": 91}, "": {"executed_lines": [2, 3, 4, 5, 8, 25, 65, 77, 91], "summary": {"covered_lines": 9, "num_statements": 9, "percent_covered": 100.0, "percent_covered_display": "100", "missing_lines": 0, "excluded_lines": 0, "percent_statements_covered": 100.0, "percent_statements_covered_display": "100"}, "missing_lines": [], "excluded_lines": [], "start_line": 1}}, "classes": {"": {"executed_lines": [2, 3, 4, 5, 8, 10, 11, 12, 13, 14, 15, 16, 18, 19, 20, 21, 22, 25, 32, 34, 35, 37, 38, 40, 41, 43, 44, 48, 49, 50, 53, 62, 65, 67, 68, 69, 70, 71, 72, 73, 74, 77, 79, 80, 81, 83, 85, 86, 87, 88, 91, 93, 94, 95], "summary": {"covered_lines": 54, "num_statements": 64, "percent_covered": 84.375, "percent_covered_display": "84", "missing_lines": 10, "excluded_lines": 0, "percent_statements_covered": 84.375, "percent_statements_covered_display": "84"}, "missing_lines": [17, 33, 36, 39, 42, 45, 47, 51, 52, 61], "excluded_lines": [], "start_line": 1}}}, "backend/version.py": {"executed_lines": [7], "summary": {"covered_lines": 1, "num_statements": 1, "percent_covered": 100.0, "percent_covered_display": "100", "missing_lines": 0, "excluded_lines": 0, "percent_statements_covered": 100.0, "percent_statements_covered_display": "100"}, "missing_lines": [], "excluded_lines": [], "functions": {"": {"executed_lines": [7], "summary": {"covered_lines": 1, "num_statements": 1, "percent_covered": 100.0, "percent_covered_display": "100", "missing_lines": 0, "excluded_lines": 0, "percent_statements_covered": 100.0, "percent_statements_covered_display": "100"}, "missing_lines": [], "excluded_lines": [], "start_line": 1}}, "classes": {"": {"executed_lines": [7], "summary": {"covered_lines": 1, "num_statements": 1, "percent_covered": 100.0, "percent_covered_display": "100", "missing_lines": 0, "excluded_lines": 0, "percent_statements_covered": 100.0, "percent_statements_covered_display": "100"}, "missing_lines": [], "excluded_lines": [], "start_line": 1}}}, "backend/version_header.py": {"executed_lines": [2, 3, 4, 7, 10, 11, 12, 14, 15, 16, 17], "summary": {"covered_lines": 11, "num_statements": 11, "percent_covered": 100.0, "percent_covered_display": "100", "missing_lines": 0, "excluded_lines": 0, "percent_statements_covered": 100.0, "percent_statements_covered_display": "100"}, "missing_lines": [], "excluded_lines": [], "functions": {"VersionHeaderMiddleware.__init__": {"executed_lines": [11, 12], "summary": {"covered_lines": 2, "num_statements": 2, "percent_covered": 100.0, "percent_covered_display": "100", "missing_lines": 0, "excluded_lines": 0, "percent_statements_covered": 100.0, "percent_statements_covered_display": "100"}, "missing_lines": [], "excluded_lines": [], "start_line": 10}, "VersionHeaderMiddleware.dispatch": {"executed_lines": [15, 16, 17], "summary": {"covered_lines": 3, "num_statements": 3, "percent_covered": 100.0, "percent_covered_display": "100", "missing_lines": 0, "excluded_lines": 0, "percent_statements_covered": 100.0, "percent_statements_covered_display": "100"}, "missing_lines": [], "excluded_lines": [], "start_line": 14}, "": {"executed_lines": [2, 3, 4, 7, 10, 14], "summary": {"covered_lines": 6, "num_statements": 6, "percent_covered": 100.0, "percent_covered_display": "100", "missing_lines": 0, "excluded_lines": 0, "percent_statements_covered": 100.0, "percent_statements_covered_display": "100"}, "missing_lines": [], "excluded_lines": [], "start_line": 1}}, "classes": {"VersionHeaderMiddleware": {"executed_lines": [11, 12, 15, 16, 17], "summary": {"covered_lines": 5, "num_statements": 5, "percent_covered": 100.0, "percent_covered_display": "100", "missing_lines": 0, "excluded_lines": 0, "percent_statements_covered": 100.0, "percent_statements_covered_display": "100"}, "missing_lines": [], "excluded_lines": [], "start_line": 7}, "": {"executed_lines": [2, 3, 4, 7, 10, 14], "summary": {"covered_lines": 6, "num_statements": 6, "percent_covered": 100.0, "percent_covered_display": "100", "missing_lines": 0, "excluded_lines": 0, "percent_statements_covered": 100.0, "percent_statements_covered_display": "100"}, "missing_lines": [], "excluded_lines": [], "start_line": 1}}}}, "totals": {"covered_lines": 2735, "num_statements": 4058, "percent_covered": 67.39773287333662, "percent_covered_display": "67", "missing_lines": 1323, "excluded_lines": 1, "percent_statements_covered": 67.39773287333662, "percent_statements_covered_display": "67"}}