<?xml version="1.0" encoding="utf-8"?><testsuites name="pytest tests"><testsuite name="pytest" errors="0" failures="0" skipped="0" tests="19" time="4.109" timestamp="2026-06-29T16:17:29.570530+00:00" hostname="agent-env-0810aa29-a6ac-4078-99bd-ecd6cf38ff88"><testcase classname="tests.test_iteration4.TestConciergeBrief" name="test_get_brief_returns_null_when_none" time="0.539" /><testcase classname="tests.test_iteration4.TestConciergeBrief" name="test_post_brief_concierge_user_saves_all_fields" time="0.221" /><testcase classname="tests.test_iteration4.TestConciergeBrief" name="test_post_brief_is_upsert" time="0.263" /><testcase classname="tests.test_iteration4.TestConciergeBrief" name="test_post_brief_free_user_402" time="0.489" /><testcase classname="tests.test_iteration4.TestConciergeBrief" name="test_brief_requires_auth" time="0.211" /><testcase classname="tests.test_iteration4.TestAdminBriefs" name="test_admin_briefs_requires_admin" time="0.109" /><testcase classname="tests.test_iteration4.TestAdminBriefs" name="test_admin_briefs_requires_auth" time="0.099" /><testcase classname="tests.test_iteration4.TestAdminBriefs" name="test_admin_briefs_returns_list" time="0.569" /><testcase classname="tests.test_iteration4.TestConciergeCheckout" name="test_checkout_concierge_uses_fallback_when_price_id_unset" time="0.599" /><testcase classname="tests.test_iteration4.TestConciergeCheckout" name="test_checkout_invalid_plan" time="0.109" /><testcase classname="tests.test_iteration4.TestConciergeCheckout" name="test_checkout_free_plan_rejected" time="0.112" /><testcase classname="tests.test_iteration4.TestBillingCodeReview" name="test_create_subscription_checkout_has_both_branches" time="0.056" /><testcase classname="tests.test_iteration4.TestBillingCodeReview" name="test_concierge_plan_declares_price_env" time="0.000" /><testcase classname="tests.test_iteration4.TestBillingCodeReview" name="test_normalized_session_shape" time="0.000" /><testcase classname="tests.test_iteration4.TestRegression" name="test_plans_has_free_and_concierge" time="0.106" /><testcase classname="tests.test_iteration4.TestRegression" name="test_demo_user_is_concierge" time="0.130" /><testcase classname="tests.test_iteration4.TestRegression" name="test_admin_user_is_admin_role" time="0.119" /><testcase classname="tests.test_iteration4.TestRegression" name="test_dashboard_summary" time="0.108" /><testcase classname="tests.test_iteration4.TestRegression" name="test_billing_me_concierge" time="0.103" /></testsuite></testsuites>