<?xml version="1.0" encoding="utf-8"?><testsuites name="pytest tests"><testsuite name="pytest" errors="0" failures="0" skipped="0" tests="18" time="113.119" timestamp="2026-06-28T22:59:22.604102+00:00" hostname="agent-env-0810aa29-a6ac-4078-99bd-ecd6cf38ff88"><testcase classname="tests.test_iteration2.TestBilling" name="test_get_plans" time="0.242" /><testcase classname="tests.test_iteration2.TestPlanAndOnboarding" name="test_demo_user_is_pro" time="0.723" /><testcase classname="tests.test_iteration2.TestBilling" name="test_billing_me_demo" time="0.801" /><testcase classname="tests.test_iteration2.TestPlanAndOnboarding" name="test_new_user_is_free_and_not_onboarded" time="0.318" /><testcase classname="tests.test_iteration2.TestPlanAndOnboarding" name="test_mark_onboarded" time="0.606" /><testcase classname="tests.test_iteration2.TestBilling" name="test_checkout_creates_stripe_session" time="0.642" /><testcase classname="tests.test_iteration2.TestSerp" name="test_serp_check_pro" time="0.968" /><testcase classname="tests.test_iteration2.TestBilling" name="test_checkout_invalid_plan" time="0.124" /><testcase classname="tests.test_iteration2.TestBilling" name="test_billing_status_existing_session" time="0.411" /><testcase classname="tests.test_iteration2.TestBilling" name="test_billing_status_nonexistent_session" time="0.096" /><testcase classname="tests.test_iteration2.TestPDF" name="test_pdf_for_pro_user" time="0.237" /><testcase classname="tests.test_iteration2.TestSerp" name="test_serp_blocked_free" time="0.267" /><testcase classname="tests.test_iteration2.TestPDF" name="test_pdf_blocked_for_free" time="0.423" /><testcase classname="tests.test_iteration2.TestSerp" name="test_serp_history" time="0.129" /><testcase classname="tests.test_iteration2.TestSchedule" name="test_schedule_pro" time="0.607" /><testcase classname="tests.test_iteration2.TestFreeLimits" name="test_project_limit_1" time="0.554" /><testcase classname="tests.test_iteration2.TestFreeLimits" name="test_audit_limit_3" time="109.005" /><testcase classname="tests.test_iteration2.TestSchedule" name="test_schedule_blocked_free" time="0.427" /></testsuite></testsuites>