<?xml version="1.0" encoding="utf-8"?><testsuites name="pytest tests"><testsuite name="pytest" errors="0" failures="0" skipped="0" tests="20" time="120.050" timestamp="2026-06-29T17:02:54.136487+00:00" hostname="agent-env-0810aa29-a6ac-4078-99bd-ecd6cf38ff88"><testcase classname="tests.test_iteration5.TestSocialAuth" name="test_audit_requires_auth" time="0.493" /><testcase classname="tests.test_iteration5.TestSocialAudit" name="test_audit_platform_returns_valid_shape[instagram]" time="30.256" /><testcase classname="tests.test_iteration5.TestSocialAuth" name="test_suggestions_requires_auth" time="0.122" /><testcase classname="tests.test_iteration5.TestSocialAuth" name="test_competitors_requires_auth" time="0.130" /><testcase classname="tests.test_iteration5.TestSocialAuth" name="test_audits_history_requires_auth" time="0.140" /><testcase classname="tests.test_iteration5.TestRegression" name="test_plans_still_has_free_and_concierge" time="0.184" /><testcase classname="tests.test_iteration5.TestRegression" name="test_dashboard_summary" time="0.511" /><testcase classname="tests.test_iteration5.TestRegression" name="test_concierge_brief_endpoint_alive" time="0.110" /><testcase classname="tests.test_iteration5.TestRegression" name="test_demo_user_concierge" time="0.103" /><testcase classname="tests.test_iteration5.TestPlatformValidation" name="test_invalid_platform_audit" time="0.124" /><testcase classname="tests.test_iteration5.TestPlatformValidation" name="test_invalid_platform_suggestions" time="0.102" /><testcase classname="tests.test_iteration5.TestPlatformValidation" name="test_invalid_platform_competitors" time="0.110" /><testcase classname="tests.test_iteration5.TestSocialSuggestions" name="test_suggestions_shape[instagram]" time="21.945" /><testcase classname="tests.test_iteration5.TestSocialSuggestions" name="test_suggestions_shape[tiktok]" time="21.415" /><testcase classname="tests.test_iteration5.TestSocialAudit" name="test_audit_platform_returns_valid_shape[tiktok]" time="33.909" /><testcase classname="tests.test_iteration5.TestSocialSuggestions" name="test_suggestions_shape[youtube]" time="27.733" /><testcase classname="tests.test_iteration5.TestSocialAudit" name="test_audit_platform_returns_valid_shape[youtube]" time="28.853" /><testcase classname="tests.test_iteration5.TestSocialCompetitors" name="test_competitors_shape_instagram" time="46.243" /><testcase classname="tests.test_iteration5.TestSocialAudit" name="test_audit_persists_to_db_and_history_returns_it" time="25.588" /><testcase classname="tests.test_iteration5.TestSocialAudit" name="test_audit_history_platform_filter" time="0.113" /></testsuite></testsuites>