<?xml version="1.0" encoding="utf-8"?><testsuites name="pytest tests"><testsuite name="pytest" errors="0" failures="1" skipped="0" tests="17" time="42.239" timestamp="2026-06-29T15:52:43.991369+00:00" hostname="agent-env-0810aa29-a6ac-4078-99bd-ecd6cf38ff88"><testcase classname="tests.test_iteration3.TestRegression" name="test_plans_public" time="0.706" /><testcase classname="tests.test_iteration3.TestSchedulerRunNow" name="test_run_now_requires_admin" time="0.531" /><testcase classname="tests.test_iteration3.TestSchedulerRunNow" name="test_run_now_requires_auth" time="0.103" /><testcase classname="tests.test_iteration3.TestSchedulerRunNow" name="test_run_now_no_due_returns_zero" time="0.599" /><testcase classname="tests.test_iteration3.TestRegression" name="test_login_demo_pro" time="0.635" /><testcase classname="tests.test_iteration3.TestSchedulerRunNow" name="test_run_now_processes_backdated_project" time="39.150" /><testcase classname="tests.test_iteration3.TestRegression" name="test_dashboard_summary" time="0.161" /><testcase classname="tests.test_iteration3.TestRegression" name="test_billing_me" time="0.151" /><testcase classname="tests.test_iteration3.TestSchedulerRuns" name="test_runs_requires_auth" time="0.153" /><testcase classname="tests.test_iteration3.TestSchedulerRuns" name="test_runs_returns_list" time="0.099" /><testcase classname="tests.test_iteration3.TestSchedulerRuns" name="test_runs_empty_for_fresh_user" time="0.472" /><testcase classname="tests.test_iteration3.TestSerpFallback" name="test_serp_uses_duckduckgo_when_no_serpapi_key" time="0.864" /><testcase classname="tests.test_iteration3.TestSerpFallback" name="test_serp_module_branch" time="0.080" /><testcase classname="tests.test_iteration3.TestEmailMocked" name="test_send_html_email_mocked_when_no_key" time="0.001" /><testcase classname="tests.test_iteration3.TestBillingPortal" name="test_portal_requires_auth" time="0.208" /><testcase classname="tests.test_iteration3.TestBillingPortal" name="test_portal_400_when_no_stripe_customer" time="0.109" /><testcase classname="tests.test_iteration3.TestBillingPortal" name="test_portal_code_path_with_fake_customer" time="0.340"><failure message="requests.exceptions.JSONDecodeError: Expecting value: line 1 column 1 (char 0)">/root/.venv/lib/python3.11/site-packages/requests/models.py:1116: in json
    return complexjson.loads(self.text, **kwargs)
           ^^^^^^^^^^^^^^^^^^^^^^^^^^^^^^^^^^^^^^
/usr/local/lib/python3.11/json/__init__.py:346: in loads
    return _default_decoder.decode(s)
           ^^^^^^^^^^^^^^^^^^^^^^^^^^
/usr/local/lib/python3.11/json/decoder.py:337: in decode
    obj, end = self.raw_decode(s, idx=_w(s, 0).end())
               ^^^^^^^^^^^^^^^^^^^^^^^^^^^^^^^^^^^^^^
/usr/local/lib/python3.11/json/decoder.py:355: in raw_decode
    raise JSONDecodeError("Expecting value", s, err.value) from None
E   json.decoder.JSONDecodeError: Expecting value: line 1 column 1 (char 0)

During handling of the above exception, another exception occurred:
backend/tests/test_iteration3.py:81: in test_portal_code_path_with_fake_customer
    assert "Portal session error" in (r.json().get("detail") or "")
                                      ^^^^^^^^
/root/.venv/lib/python3.11/site-packages/requests/models.py:1120: in json
    raise RequestsJSONDecodeError(e.msg, e.doc, e.pos)
E   requests.exceptions.JSONDecodeError: Expecting value: line 1 column 1 (char 0)</failure></testcase></testsuite></testsuites>