<?xml version="1.0" encoding="utf-8"?><testsuites name="pytest tests"><testsuite name="pytest" errors="0" failures="1" skipped="0" tests="23" time="85.519" timestamp="2026-06-28T22:14:24.235331+00:00" hostname="agent-env-0810aa29-a6ac-4078-99bd-ecd6cf38ff88"><testcase classname="tests.test_seo_api.TestProjects" name="test_unauth_list" time="0.139" /><testcase classname="tests.test_seo_api.TestAuth" name="test_login_demo" time="0.417" /><testcase classname="tests.test_seo_api.TestAuth" name="test_login_bad_password" time="0.477" /><testcase classname="tests.test_seo_api.TestProjects" name="test_create_project" time="0.762" /><testcase classname="tests.test_seo_api.TestAuth" name="test_me_requires_auth" time="0.093" /><testcase classname="tests.test_seo_api.TestProjects" name="test_get_project" time="0.112" /><testcase classname="tests.test_seo_api.TestProjects" name="test_list_projects" time="0.246" /><testcase classname="tests.test_seo_api.TestAuth" name="test_me_with_token" time="0.401" /><testcase classname="tests.test_seo_api.TestProjects" name="test_update_project" time="0.133" /><testcase classname="tests.test_seo_api.TestAuth" name="test_register_new_user" time="0.359"><failure message="AssertionError: assert 'test_user_b1...7@example.com' == 'TEST_user_b1...7@example.com'&#10;  &#10;  - TEST_user_b1051487@example.com&#10;  ? ^^^^&#10;  + test_user_b1051487@example.com&#10;  ? ^^^^">backend/tests/test_seo_api.py:68: in test_register_new_user
    assert data["user"]["email"] == email
E   AssertionError: assert 'test_user_b1...7@example.com' == 'TEST_user_b1...7@example.com'
E     
E     - TEST_user_b1051487@example.com
E     ? ^^^^
E     + test_user_b1051487@example.com
E     ? ^^^^</failure></testcase><testcase classname="tests.test_seo_api.TestProjects" name="test_delete_project" time="0.355" /><testcase classname="tests.test_seo_api.TestAudits" name="test_unauth_audit" time="0.096" /><testcase classname="tests.test_seo_api.TestAuth" name="test_register_duplicate" time="0.102" /><testcase classname="tests.test_seo_api.TestAudits" name="test_run_audit" time="38.366" /><testcase classname="tests.test_seo_api.TestAuth" name="test_register_short_password" time="0.131" /><testcase classname="tests.test_seo_api.TestAuth" name="test_logout" time="0.405" /><testcase classname="tests.test_seo_api.TestAI" name="test_ai_meta_tags" time="10.879" /><testcase classname="tests.test_seo_api.TestAI" name="test_ai_keywords" time="30.732" /><testcase classname="tests.test_seo_api.TestAudits" name="test_list_audits" time="0.144" /><testcase classname="tests.test_seo_api.TestAudits" name="test_get_audit_detail" time="0.114" /><testcase classname="tests.test_seo_api.TestDashboard" name="test_dashboard_summary" time="0.139" /><testcase classname="tests.test_seo_api.TestAI" name="test_ai_competitors" time="40.734" /><testcase classname="tests.test_seo_api" name="test_root" time="0.229" /></testsuite></testsuites>